<?xml version="1.0" encoding="UTF-8"?>
<testsuite xmlns:xsi="http://www.w3.org/2001/XMLSchema-instance" xsi:noNamespaceSchemaLocation="https://maven.apache.org/surefire/maven-surefire-plugin/xsd/surefire-test-report.xsd" version="3.0.2" name="com.example.demo.TestcontainersTest" time="12.057" tests="1" errors="0" skipped="0" failures="0">
  <properties>
    <property name="java.specification.version" value="21"/>
    <property name="sun.jnu.encoding" value="UTF-8"/>
    <property name="java.class.path" value="/home/runner/work/demo/demo/backend/target/test-classes:/home/runner/work/demo/demo/backend/target/classes:/home/runner/.m2/repository/org/postgresql/postgresql/42.7.5/postgresql-42.7.5.jar:/home/runner/.m2/repository/org/checkerframework/checker-qual/3.48.3/checker-qual-3.48.3.jar:/home/runner/.m2/repository/org/springframework/boot/spring-boot-starter-data-jpa/3.5.0-SNAPSHOT/spring-boot-starter-data-jpa-3.5.0-SNAPSHOT.jar:/home/runner/.m2/repository/org/springframework/boot/spring-boot-starter/3.5.0-SNAPSHOT/spring-boot-starter-3.5.0-SNAPSHOT.jar:/home/runner/.m2/repository/org/springframework/boot/spring-boot/3.5.0-SNAPSHOT/spring-boot-3.5.0-SNAPSHOT.jar:/home/runner/.m2/repository/org/springframework/boot/spring-boot-autoconfigure/3.5.0-SNAPSHOT/spring-boot-autoconfigure-3.5.0-SNAPSHOT.jar:/home/runner/.m2/repository/org/springframework/boot/spring-boot-starter-logging/3.5.0-SNAPSHOT/spring-boot-starter-logging-3.5.0-SNAPSHOT.jar:/home/runner/.m2/repository/ch/qos/logback/logback-classic/1.5.18/logback-classic-1.5.18.jar:/home/runner/.m2/repository/ch/qos/logback/logback-core/1.5.18/logback-core-1.5.18.jar:/home/runner/.m2/repository/org/apache/logging/log4j/log4j-to-slf4j/2.24.3/log4j-to-slf4j-2.24.3.jar:/home/runner/.m2/repository/org/apache/logging/log4j/log4j-api/2.24.3/log4j-api-2.24.3.jar:/home/runner/.m2/repository/org/slf4j/jul-to-slf4j/2.0.17/jul-to-slf4j-2.0.17.jar:/home/runner/.m2/repository/jakarta/annotation/jakarta.annotation-api/2.1.1/jakarta.annotation-api-2.1.1.jar:/home/runner/.m2/repository/org/yaml/snakeyaml/2.4/snakeyaml-2.4.jar:/home/runner/.m2/repository/org/springframework/boot/spring-boot-starter-jdbc/3.5.0-SNAPSHOT/spring-boot-starter-jdbc-3.5.0-SNAPSHOT.jar:/home/runner/.m2/repository/com/zaxxer/HikariCP/6.3.0/HikariCP-6.3.0.jar:/home/runner/.m2/repository/org/springframework/spring-jdbc/6.2.6/spring-jdbc-6.2.6.jar:/home/runner/.m2/repository/org/hibernate/orm/hibernate-core/6.6.13.Final/hibernate-core-6.6.13.Final.jar:/home/runner/.m2/repository/jakarta/persistence/jakarta.persistence-api/3.1.0/jakarta.persistence-api-3.1.0.jar:/home/runner/.m2/repository/jakarta/transaction/jakarta.transaction-api/2.0.1/jakarta.transaction-api-2.0.1.jar:/home/runner/.m2/repository/org/jboss/logging/jboss-logging/3.6.1.Final/jboss-logging-3.6.1.Final.jar:/home/runner/.m2/repository/org/hibernate/common/hibernate-commons-annotations/7.0.3.Final/hibernate-commons-annotations-7.0.3.Final.jar:/home/runner/.m2/repository/io/smallrye/jandex/3.2.0/jandex-3.2.0.jar:/home/runner/.m2/repository/com/fasterxml/classmate/1.7.0/classmate-1.7.0.jar:/home/runner/.m2/repository/net/bytebuddy/byte-buddy/1.17.5/byte-buddy-1.17.5.jar:/home/runner/.m2/repository/org/glassfish/jaxb/jaxb-runtime/4.0.5/jaxb-runtime-4.0.5.jar:/home/runner/.m2/repository/org/glassfish/jaxb/jaxb-core/4.0.5/jaxb-core-4.0.5.jar:/home/runner/.m2/repository/org/eclipse/angus/angus-activation/2.0.2/angus-activation-2.0.2.jar:/home/runner/.m2/repository/org/glassfish/jaxb/txw2/4.0.5/txw2-4.0.5.jar:/home/runner/.m2/repository/com/sun/istack/istack-commons-runtime/4.1.2/istack-commons-runtime-4.1.2.jar:/home/runner/.m2/repository/jakarta/inject/jakarta.inject-api/2.0.1/jakarta.inject-api-2.0.1.jar:/home/runner/.m2/repository/org/antlr/antlr4-runtime/4.13.0/antlr4-runtime-4.13.0.jar:/home/runner/.m2/repository/org/springframework/data/spring-data-jpa/3.5.0-RC1/spring-data-jpa-3.5.0-RC1.jar:/home/runner/.m2/repository/org/springframework/data/spring-data-commons/3.5.0-RC1/spring-data-commons-3.5.0-RC1.jar:/home/runner/.m2/repository/org/springframework/spring-orm/6.2.6/spring-orm-6.2.6.jar:/home/runner/.m2/repository/org/springframework/spring-context/6.2.6/spring-context-6.2.6.jar:/home/runner/.m2/repository/org/springframework/spring-aop/6.2.6/spring-aop-6.2.6.jar:/home/runner/.m2/repository/org/springframework/spring-tx/6.2.6/spring-tx-6.2.6.jar:/home/runner/.m2/repository/org/springframework/spring-beans/6.2.6/spring-beans-6.2.6.jar:/home/runner/.m2/repository/org/springframework/spring-aspects/6.2.6/spring-aspects-6.2.6.jar:/home/runner/.m2/repository/org/aspectj/aspectjweaver/1.9.24/aspectjweaver-1.9.24.jar:/home/runner/.m2/repository/org/springframework/boot/spring-boot-starter-web/3.5.0-SNAPSHOT/spring-boot-starter-web-3.5.0-SNAPSHOT.jar:/home/runner/.m2/repository/org/springframework/boot/spring-boot-starter-json/3.5.0-SNAPSHOT/spring-boot-starter-json-3.5.0-SNAPSHOT.jar:/home/runner/.m2/repository/com/fasterxml/jackson/core/jackson-databind/2.18.3/jackson-databind-2.18.3.jar:/home/runner/.m2/repository/com/fasterxml/jackson/core/jackson-core/2.18.3/jackson-core-2.18.3.jar:/home/runner/.m2/repository/com/fasterxml/jackson/datatype/jackson-datatype-jdk8/2.18.3/jackson-datatype-jdk8-2.18.3.jar:/home/runner/.m2/repository/com/fasterxml/jackson/datatype/jackson-datatype-jsr310/2.18.3/jackson-datatype-jsr310-2.18.3.jar:/home/runner/.m2/repository/com/fasterxml/jackson/module/jackson-module-parameter-names/2.18.3/jackson-module-parameter-names-2.18.3.jar:/home/runner/.m2/repository/org/springframework/boot/spring-boot-starter-tomcat/3.5.0-SNAPSHOT/spring-boot-starter-tomcat-3.5.0-SNAPSHOT.jar:/home/runner/.m2/repository/org/apache/tomcat/embed/tomcat-embed-core/10.1.40/tomcat-embed-core-10.1.40.jar:/home/runner/.m2/repository/org/apache/tomcat/embed/tomcat-embed-el/10.1.40/tomcat-embed-el-10.1.40.jar:/home/runner/.m2/repository/org/apache/tomcat/embed/tomcat-embed-websocket/10.1.40/tomcat-embed-websocket-10.1.40.jar:/home/runner/.m2/repository/org/springframework/spring-web/6.2.6/spring-web-6.2.6.jar:/home/runner/.m2/repository/org/springframework/spring-webmvc/6.2.6/spring-webmvc-6.2.6.jar:/home/runner/.m2/repository/org/springframework/spring-expression/6.2.6/spring-expression-6.2.6.jar:/home/runner/.m2/repository/org/springframework/boot/spring-boot-starter-data-jdbc/3.5.0-SNAPSHOT/spring-boot-starter-data-jdbc-3.5.0-SNAPSHOT.jar:/home/runner/.m2/repository/org/springframework/data/spring-data-jdbc/3.5.0-RC1/spring-data-jdbc-3.5.0-RC1.jar:/home/runner/.m2/repository/org/springframework/data/spring-data-relational/3.5.0-RC1/spring-data-relational-3.5.0-RC1.jar:/home/runner/.m2/repository/com/github/javafaker/javafaker/1.0.2/javafaker-1.0.2.jar:/home/runner/.m2/repository/org/apache/commons/commons-lang3/3.17.0/commons-lang3-3.17.0.jar:/home/runner/.m2/repository/org/yaml/snakeyaml/1.23/snakeyaml-1.23-android.jar:/home/runner/.m2/repository/com/github/mifmif/generex/1.0.2/generex-1.0.2.jar:/home/runner/.m2/repository/dk/brics/automaton/automaton/1.11-8/automaton-1.11-8.jar:/home/runner/.m2/repository/org/flywaydb/flyway-database-postgresql/11.7.2/flyway-database-postgresql-11.7.2.jar:/home/runner/.m2/repository/org/flywaydb/flyway-core/11.7.2/flyway-core-11.7.2.jar:/home/runner/.m2/repository/com/fasterxml/jackson/dataformat/jackson-dataformat-toml/2.18.3/jackson-dataformat-toml-2.18.3.jar:/home/runner/.m2/repository/org/springframework/boot/spring-boot-starter-test/3.5.0-SNAPSHOT/spring-boot-starter-test-3.5.0-SNAPSHOT.jar:/home/runner/.m2/repository/org/springframework/boot/spring-boot-test/3.5.0-SNAPSHOT/spring-boot-test-3.5.0-SNAPSHOT.jar:/home/runner/.m2/repository/org/springframework/boot/spring-boot-test-autoconfigure/3.5.0-SNAPSHOT/spring-boot-test-autoconfigure-3.5.0-SNAPSHOT.jar:/home/runner/.m2/repository/com/jayway/jsonpath/json-path/2.9.0/json-path-2.9.0.jar:/home/runner/.m2/repository/jakarta/xml/bind/jakarta.xml.bind-api/4.0.2/jakarta.xml.bind-api-4.0.2.jar:/home/runner/.m2/repository/jakarta/activation/jakarta.activation-api/2.1.3/jakarta.activation-api-2.1.3.jar:/home/runner/.m2/repository/net/minidev/json-smart/2.5.2/json-smart-2.5.2.jar:/home/runner/.m2/repository/net/minidev/accessors-smart/2.5.2/accessors-smart-2.5.2.jar:/home/runner/.m2/repository/org/ow2/asm/asm/9.7.1/asm-9.7.1.jar:/home/runner/.m2/repository/org/assertj/assertj-core/3.27.3/assertj-core-3.27.3.jar:/home/runner/.m2/repository/org/awaitility/awaitility/4.3.0/awaitility-4.3.0.jar:/home/runner/.m2/repository/org/hamcrest/hamcrest/3.0/hamcrest-3.0.jar:/home/runner/.m2/repository/org/junit/jupiter/junit-jupiter/5.12.2/junit-jupiter-5.12.2.jar:/home/runner/.m2/repository/org/junit/jupiter/junit-jupiter-api/5.12.2/junit-jupiter-api-5.12.2.jar:/home/runner/.m2/repository/org/opentest4j/opentest4j/1.3.0/opentest4j-1.3.0.jar:/home/runner/.m2/repository/org/junit/platform/junit-platform-commons/1.12.2/junit-platform-commons-1.12.2.jar:/home/runner/.m2/repository/org/apiguardian/apiguardian-api/1.1.2/apiguardian-api-1.1.2.jar:/home/runner/.m2/repository/org/junit/jupiter/junit-jupiter-params/5.12.2/junit-jupiter-params-5.12.2.jar:/home/runner/.m2/repository/org/junit/jupiter/junit-jupiter-engine/5.12.2/junit-jupiter-engine-5.12.2.jar:/home/runner/.m2/repository/org/junit/platform/junit-platform-engine/1.12.2/junit-platform-engine-1.12.2.jar:/home/runner/.m2/repository/org/mockito/mockito-core/5.17.0/mockito-core-5.17.0.jar:/home/runner/.m2/repository/net/bytebuddy/byte-buddy-agent/1.17.5/byte-buddy-agent-1.17.5.jar:/home/runner/.m2/repository/org/objenesis/objenesis/3.3/objenesis-3.3.jar:/home/runner/.m2/repository/org/mockito/mockito-junit-jupiter/5.17.0/mockito-junit-jupiter-5.17.0.jar:/home/runner/.m2/repository/org/skyscreamer/jsonassert/1.5.3/jsonassert-1.5.3.jar:/home/runner/.m2/repository/com/vaadin/external/google/android-json/0.0.20131108.vaadin1/android-json-0.0.20131108.vaadin1.jar:/home/runner/.m2/repository/org/springframework/spring-core/6.2.6/spring-core-6.2.6.jar:/home/runner/.m2/repository/org/springframework/spring-jcl/6.2.6/spring-jcl-6.2.6.jar:/home/runner/.m2/repository/org/springframework/spring-test/6.2.6/spring-test-6.2.6.jar:/home/runner/.m2/repository/org/xmlunit/xmlunit-core/2.10.0/xmlunit-core-2.10.0.jar:/home/runner/.m2/repository/org/springframework/boot/spring-boot-starter-actuator/3.5.0-SNAPSHOT/spring-boot-starter-actuator-3.5.0-SNAPSHOT.jar:/home/runner/.m2/repository/org/springframework/boot/spring-boot-actuator-autoconfigure/3.5.0-SNAPSHOT/spring-boot-actuator-autoconfigure-3.5.0-SNAPSHOT.jar:/home/runner/.m2/repository/org/springframework/boot/spring-boot-actuator/3.5.0-SNAPSHOT/spring-boot-actuator-3.5.0-SNAPSHOT.jar:/home/runner/.m2/repository/io/micrometer/micrometer-observation/1.15.0-RC1/micrometer-observation-1.15.0-RC1.jar:/home/runner/.m2/repository/io/micrometer/micrometer-commons/1.15.0-RC1/micrometer-commons-1.15.0-RC1.jar:/home/runner/.m2/repository/io/micrometer/micrometer-jakarta9/1.15.0-RC1/micrometer-jakarta9-1.15.0-RC1.jar:/home/runner/.m2/repository/io/micrometer/micrometer-core/1.15.0-RC1/micrometer-core-1.15.0-RC1.jar:/home/runner/.m2/repository/org/hdrhistogram/HdrHistogram/2.2.2/HdrHistogram-2.2.2.jar:/home/runner/.m2/repository/org/latencyutils/LatencyUtils/2.0.3/LatencyUtils-2.0.3.jar:/home/runner/.m2/repository/org/testcontainers/testcontainers/1.20.6/testcontainers-1.20.6.jar:/home/runner/.m2/repository/junit/junit/4.13.2/junit-4.13.2.jar:/home/runner/.m2/repository/org/hamcrest/hamcrest-core/3.0/hamcrest-core-3.0.jar:/home/runner/.m2/repository/org/slf4j/slf4j-api/2.0.17/slf4j-api-2.0.17.jar:/home/runner/.m2/repository/org/apache/commons/commons-compress/1.24.0/commons-compress-1.24.0.jar:/home/runner/.m2/repository/org/rnorth/duct-tape/duct-tape/1.0.8/duct-tape-1.0.8.jar:/home/runner/.m2/repository/org/jetbrains/annotations/17.0.0/annotations-17.0.0.jar:/home/runner/.m2/repository/com/github/docker-java/docker-java-api/3.4.1/docker-java-api-3.4.1.jar:/home/runner/.m2/repository/com/fasterxml/jackson/core/jackson-annotations/2.18.3/jackson-annotations-2.18.3.jar:/home/runner/.m2/repository/com/github/docker-java/docker-java-transport-zerodep/3.4.1/docker-java-transport-zerodep-3.4.1.jar:/home/runner/.m2/repository/com/github/docker-java/docker-java-transport/3.4.1/docker-java-transport-3.4.1.jar:/home/runner/.m2/repository/net/java/dev/jna/jna/5.13.0/jna-5.13.0.jar:/home/runner/.m2/repository/org/testcontainers/junit-jupiter/1.20.6/junit-jupiter-1.20.6.jar:/home/runner/.m2/repository/org/testcontainers/postgresql/1.20.6/postgresql-1.20.6.jar:/home/runner/.m2/repository/org/testcontainers/jdbc/1.21.0/jdbc-1.21.0.jar:/home/runner/.m2/repository/org/testcontainers/database-commons/1.21.0/database-commons-1.21.0.jar:/home/runner/.m2/repository/org/springframework/boot/spring-boot-starter-webflux/3.5.0-SNAPSHOT/spring-boot-starter-webflux-3.5.0-SNAPSHOT.jar:/home/runner/.m2/repository/org/springframework/boot/spring-boot-starter-reactor-netty/3.5.0-SNAPSHOT/spring-boot-starter-reactor-netty-3.5.0-SNAPSHOT.jar:/home/runner/.m2/repository/io/projectreactor/netty/reactor-netty-http/1.2.5/reactor-netty-http-1.2.5.jar:/home/runner/.m2/repository/io/netty/netty-codec-http/4.1.119.Final/netty-codec-http-4.1.119.Final.jar:/home/runner/.m2/repository/io/netty/netty-common/4.1.119.Final/netty-common-4.1.119.Final.jar:/home/runner/.m2/repository/io/netty/netty-buffer/4.1.119.Final/netty-buffer-4.1.119.Final.jar:/home/runner/.m2/repository/io/netty/netty-transport/4.1.119.Final/netty-transport-4.1.119.Final.jar:/home/runner/.m2/repository/io/netty/netty-codec/4.1.119.Final/netty-codec-4.1.119.Final.jar:/home/runner/.m2/repository/io/netty/netty-handler/4.1.119.Final/netty-handler-4.1.119.Final.jar:/home/runner/.m2/repository/io/netty/netty-codec-http2/4.1.119.Final/netty-codec-http2-4.1.119.Final.jar:/home/runner/.m2/repository/io/netty/netty-resolver-dns/4.1.119.Final/netty-resolver-dns-4.1.119.Final.jar:/home/runner/.m2/repository/io/netty/netty-resolver/4.1.119.Final/netty-resolver-4.1.119.Final.jar:/home/runner/.m2/repository/io/netty/netty-codec-dns/4.1.119.Final/netty-codec-dns-4.1.119.Final.jar:/home/runner/.m2/repository/io/netty/netty-resolver-dns-native-macos/4.1.119.Final/netty-resolver-dns-native-macos-4.1.119.Final-osx-x86_64.jar:/home/runner/.m2/repository/io/netty/netty-resolver-dns-classes-macos/4.1.119.Final/netty-resolver-dns-classes-macos-4.1.119.Final.jar:/home/runner/.m2/repository/io/netty/netty-transport-native-epoll/4.1.119.Final/netty-transport-native-epoll-4.1.119.Final-linux-x86_64.jar:/home/runner/.m2/repository/io/netty/netty-transport-native-unix-common/4.1.119.Final/netty-transport-native-unix-common-4.1.119.Final.jar:/home/runner/.m2/repository/io/netty/netty-transport-classes-epoll/4.1.119.Final/netty-transport-classes-epoll-4.1.119.Final.jar:/home/runner/.m2/repository/io/projectreactor/netty/reactor-netty-core/1.2.5/reactor-netty-core-1.2.5.jar:/home/runner/.m2/repository/io/netty/netty-handler-proxy/4.1.119.Final/netty-handler-proxy-4.1.119.Final.jar:/home/runner/.m2/repository/io/netty/netty-codec-socks/4.1.119.Final/netty-codec-socks-4.1.119.Final.jar:/home/runner/.m2/repository/org/springframework/spring-webflux/6.2.6/spring-webflux-6.2.6.jar:/home/runner/.m2/repository/io/projectreactor/reactor-core/3.7.5/reactor-core-3.7.5.jar:/home/runner/.m2/repository/org/reactivestreams/reactive-streams/1.0.4/reactive-streams-1.0.4.jar:"/>
    <property name="java.vm.vendor" value="Eclipse Adoptium"/>
    <property name="sun.arch.data.model" value="64"/>
    <property name="java.vendor.url" value="https://adoptium.net/"/>
    <property name="user.timezone" value="Etc/UTC"/>
    <property name="os.name" value="Linux"/>
    <property name="java.vm.specification.version" value="21"/>
    <property name="sun.java.launcher" value="SUN_STANDARD"/>
    <property name="sun.boot.library.path" value="/usr/lib/jvm/temurin-21-jdk-amd64/lib"/>
    <property name="sun.java.command" value="/home/runner/work/demo/demo/backend/target/surefire/surefirebooter-20250505173451617_3.jar /home/runner/work/demo/demo/backend/target/surefire 2025-05-05T17-34-50_727-jvmRun1 surefire-20250505173451617_1tmp surefire_0-20250505173451617_2tmp"/>
    <property name="jdk.debug" value="release"/>
    <property name="surefire.test.class.path" value="/home/runner/work/demo/demo/backend/target/test-classes:/home/runner/work/demo/demo/backend/target/classes:/home/runner/.m2/repository/org/postgresql/postgresql/42.7.5/postgresql-42.7.5.jar:/home/runner/.m2/repository/org/checkerframework/checker-qual/3.48.3/checker-qual-3.48.3.jar:/home/runner/.m2/repository/org/springframework/boot/spring-boot-starter-data-jpa/3.5.0-SNAPSHOT/spring-boot-starter-data-jpa-3.5.0-SNAPSHOT.jar:/home/runner/.m2/repository/org/springframework/boot/spring-boot-starter/3.5.0-SNAPSHOT/spring-boot-starter-3.5.0-SNAPSHOT.jar:/home/runner/.m2/repository/org/springframework/boot/spring-boot/3.5.0-SNAPSHOT/spring-boot-3.5.0-SNAPSHOT.jar:/home/runner/.m2/repository/org/springframework/boot/spring-boot-autoconfigure/3.5.0-SNAPSHOT/spring-boot-autoconfigure-3.5.0-SNAPSHOT.jar:/home/runner/.m2/repository/org/springframework/boot/spring-boot-starter-logging/3.5.0-SNAPSHOT/spring-boot-starter-logging-3.5.0-SNAPSHOT.jar:/home/runner/.m2/repository/ch/qos/logback/logback-classic/1.5.18/logback-classic-1.5.18.jar:/home/runner/.m2/repository/ch/qos/logback/logback-core/1.5.18/logback-core-1.5.18.jar:/home/runner/.m2/repository/org/apache/logging/log4j/log4j-to-slf4j/2.24.3/log4j-to-slf4j-2.24.3.jar:/home/runner/.m2/repository/org/apache/logging/log4j/log4j-api/2.24.3/log4j-api-2.24.3.jar:/home/runner/.m2/repository/org/slf4j/jul-to-slf4j/2.0.17/jul-to-slf4j-2.0.17.jar:/home/runner/.m2/repository/jakarta/annotation/jakarta.annotation-api/2.1.1/jakarta.annotation-api-2.1.1.jar:/home/runner/.m2/repository/org/yaml/snakeyaml/2.4/snakeyaml-2.4.jar:/home/runner/.m2/repository/org/springframework/boot/spring-boot-starter-jdbc/3.5.0-SNAPSHOT/spring-boot-starter-jdbc-3.5.0-SNAPSHOT.jar:/home/runner/.m2/repository/com/zaxxer/HikariCP/6.3.0/HikariCP-6.3.0.jar:/home/runner/.m2/repository/org/springframework/spring-jdbc/6.2.6/spring-jdbc-6.2.6.jar:/home/runner/.m2/repository/org/hibernate/orm/hibernate-core/6.6.13.Final/hibernate-core-6.6.13.Final.jar:/home/runner/.m2/repository/jakarta/persistence/jakarta.persistence-api/3.1.0/jakarta.persistence-api-3.1.0.jar:/home/runner/.m2/repository/jakarta/transaction/jakarta.transaction-api/2.0.1/jakarta.transaction-api-2.0.1.jar:/home/runner/.m2/repository/org/jboss/logging/jboss-logging/3.6.1.Final/jboss-logging-3.6.1.Final.jar:/home/runner/.m2/repository/org/hibernate/common/hibernate-commons-annotations/7.0.3.Final/hibernate-commons-annotations-7.0.3.Final.jar:/home/runner/.m2/repository/io/smallrye/jandex/3.2.0/jandex-3.2.0.jar:/home/runner/.m2/repository/com/fasterxml/classmate/1.7.0/classmate-1.7.0.jar:/home/runner/.m2/repository/net/bytebuddy/byte-buddy/1.17.5/byte-buddy-1.17.5.jar:/home/runner/.m2/repository/org/glassfish/jaxb/jaxb-runtime/4.0.5/jaxb-runtime-4.0.5.jar:/home/runner/.m2/repository/org/glassfish/jaxb/jaxb-core/4.0.5/jaxb-core-4.0.5.jar:/home/runner/.m2/repository/org/eclipse/angus/angus-activation/2.0.2/angus-activation-2.0.2.jar:/home/runner/.m2/repository/org/glassfish/jaxb/txw2/4.0.5/txw2-4.0.5.jar:/home/runner/.m2/repository/com/sun/istack/istack-commons-runtime/4.1.2/istack-commons-runtime-4.1.2.jar:/home/runner/.m2/repository/jakarta/inject/jakarta.inject-api/2.0.1/jakarta.inject-api-2.0.1.jar:/home/runner/.m2/repository/org/antlr/antlr4-runtime/4.13.0/antlr4-runtime-4.13.0.jar:/home/runner/.m2/repository/org/springframework/data/spring-data-jpa/3.5.0-RC1/spring-data-jpa-3.5.0-RC1.jar:/home/runner/.m2/repository/org/springframework/data/spring-data-commons/3.5.0-RC1/spring-data-commons-3.5.0-RC1.jar:/home/runner/.m2/repository/org/springframework/spring-orm/6.2.6/spring-orm-6.2.6.jar:/home/runner/.m2/repository/org/springframework/spring-context/6.2.6/spring-context-6.2.6.jar:/home/runner/.m2/repository/org/springframework/spring-aop/6.2.6/spring-aop-6.2.6.jar:/home/runner/.m2/repository/org/springframework/spring-tx/6.2.6/spring-tx-6.2.6.jar:/home/runner/.m2/repository/org/springframework/spring-beans/6.2.6/spring-beans-6.2.6.jar:/home/runner/.m2/repository/org/springframework/spring-aspects/6.2.6/spring-aspects-6.2.6.jar:/home/runner/.m2/repository/org/aspectj/aspectjweaver/1.9.24/aspectjweaver-1.9.24.jar:/home/runner/.m2/repository/org/springframework/boot/spring-boot-starter-web/3.5.0-SNAPSHOT/spring-boot-starter-web-3.5.0-SNAPSHOT.jar:/home/runner/.m2/repository/org/springframework/boot/spring-boot-starter-json/3.5.0-SNAPSHOT/spring-boot-starter-json-3.5.0-SNAPSHOT.jar:/home/runner/.m2/repository/com/fasterxml/jackson/core/jackson-databind/2.18.3/jackson-databind-2.18.3.jar:/home/runner/.m2/repository/com/fasterxml/jackson/core/jackson-core/2.18.3/jackson-core-2.18.3.jar:/home/runner/.m2/repository/com/fasterxml/jackson/datatype/jackson-datatype-jdk8/2.18.3/jackson-datatype-jdk8-2.18.3.jar:/home/runner/.m2/repository/com/fasterxml/jackson/datatype/jackson-datatype-jsr310/2.18.3/jackson-datatype-jsr310-2.18.3.jar:/home/runner/.m2/repository/com/fasterxml/jackson/module/jackson-module-parameter-names/2.18.3/jackson-module-parameter-names-2.18.3.jar:/home/runner/.m2/repository/org/springframework/boot/spring-boot-starter-tomcat/3.5.0-SNAPSHOT/spring-boot-starter-tomcat-3.5.0-SNAPSHOT.jar:/home/runner/.m2/repository/org/apache/tomcat/embed/tomcat-embed-core/10.1.40/tomcat-embed-core-10.1.40.jar:/home/runner/.m2/repository/org/apache/tomcat/embed/tomcat-embed-el/10.1.40/tomcat-embed-el-10.1.40.jar:/home/runner/.m2/repository/org/apache/tomcat/embed/tomcat-embed-websocket/10.1.40/tomcat-embed-websocket-10.1.40.jar:/home/runner/.m2/repository/org/springframework/spring-web/6.2.6/spring-web-6.2.6.jar:/home/runner/.m2/repository/org/springframework/spring-webmvc/6.2.6/spring-webmvc-6.2.6.jar:/home/runner/.m2/repository/org/springframework/spring-expression/6.2.6/spring-expression-6.2.6.jar:/home/runner/.m2/repository/org/springframework/boot/spring-boot-starter-data-jdbc/3.5.0-SNAPSHOT/spring-boot-starter-data-jdbc-3.5.0-SNAPSHOT.jar:/home/runner/.m2/repository/org/springframework/data/spring-data-jdbc/3.5.0-RC1/spring-data-jdbc-3.5.0-RC1.jar:/home/runner/.m2/repository/org/springframework/data/spring-data-relational/3.5.0-RC1/spring-data-relational-3.5.0-RC1.jar:/home/runner/.m2/repository/com/github/javafaker/javafaker/1.0.2/javafaker-1.0.2.jar:/home/runner/.m2/repository/org/apache/commons/commons-lang3/3.17.0/commons-lang3-3.17.0.jar:/home/runner/.m2/repository/org/yaml/snakeyaml/1.23/snakeyaml-1.23-android.jar:/home/runner/.m2/repository/com/github/mifmif/generex/1.0.2/generex-1.0.2.jar:/home/runner/.m2/repository/dk/brics/automaton/automaton/1.11-8/automaton-1.11-8.jar:/home/runner/.m2/repository/org/flywaydb/flyway-database-postgresql/11.7.2/flyway-database-postgresql-11.7.2.jar:/home/runner/.m2/repository/org/flywaydb/flyway-core/11.7.2/flyway-core-11.7.2.jar:/home/runner/.m2/repository/com/fasterxml/jackson/dataformat/jackson-dataformat-toml/2.18.3/jackson-dataformat-toml-2.18.3.jar:/home/runner/.m2/repository/org/springframework/boot/spring-boot-starter-test/3.5.0-SNAPSHOT/spring-boot-starter-test-3.5.0-SNAPSHOT.jar:/home/runner/.m2/repository/org/springframework/boot/spring-boot-test/3.5.0-SNAPSHOT/spring-boot-test-3.5.0-SNAPSHOT.jar:/home/runner/.m2/repository/org/springframework/boot/spring-boot-test-autoconfigure/3.5.0-SNAPSHOT/spring-boot-test-autoconfigure-3.5.0-SNAPSHOT.jar:/home/runner/.m2/repository/com/jayway/jsonpath/json-path/2.9.0/json-path-2.9.0.jar:/home/runner/.m2/repository/jakarta/xml/bind/jakarta.xml.bind-api/4.0.2/jakarta.xml.bind-api-4.0.2.jar:/home/runner/.m2/repository/jakarta/activation/jakarta.activation-api/2.1.3/jakarta.activation-api-2.1.3.jar:/home/runner/.m2/repository/net/minidev/json-smart/2.5.2/json-smart-2.5.2.jar:/home/runner/.m2/repository/net/minidev/accessors-smart/2.5.2/accessors-smart-2.5.2.jar:/home/runner/.m2/repository/org/ow2/asm/asm/9.7.1/asm-9.7.1.jar:/home/runner/.m2/repository/org/assertj/assertj-core/3.27.3/assertj-core-3.27.3.jar:/home/runner/.m2/repository/org/awaitility/awaitility/4.3.0/awaitility-4.3.0.jar:/home/runner/.m2/repository/org/hamcrest/hamcrest/3.0/hamcrest-3.0.jar:/home/runner/.m2/repository/org/junit/jupiter/junit-jupiter/5.12.2/junit-jupiter-5.12.2.jar:/home/runner/.m2/repository/org/junit/jupiter/junit-jupiter-api/5.12.2/junit-jupiter-api-5.12.2.jar:/home/runner/.m2/repository/org/opentest4j/opentest4j/1.3.0/opentest4j-1.3.0.jar:/home/runner/.m2/repository/org/junit/platform/junit-platform-commons/1.12.2/junit-platform-commons-1.12.2.jar:/home/runner/.m2/repository/org/apiguardian/apiguardian-api/1.1.2/apiguardian-api-1.1.2.jar:/home/runner/.m2/repository/org/junit/jupiter/junit-jupiter-params/5.12.2/junit-jupiter-params-5.12.2.jar:/home/runner/.m2/repository/org/junit/jupiter/junit-jupiter-engine/5.12.2/junit-jupiter-engine-5.12.2.jar:/home/runner/.m2/repository/org/junit/platform/junit-platform-engine/1.12.2/junit-platform-engine-1.12.2.jar:/home/runner/.m2/repository/org/mockito/mockito-core/5.17.0/mockito-core-5.17.0.jar:/home/runner/.m2/repository/net/bytebuddy/byte-buddy-agent/1.17.5/byte-buddy-agent-1.17.5.jar:/home/runner/.m2/repository/org/objenesis/objenesis/3.3/objenesis-3.3.jar:/home/runner/.m2/repository/org/mockito/mockito-junit-jupiter/5.17.0/mockito-junit-jupiter-5.17.0.jar:/home/runner/.m2/repository/org/skyscreamer/jsonassert/1.5.3/jsonassert-1.5.3.jar:/home/runner/.m2/repository/com/vaadin/external/google/android-json/0.0.20131108.vaadin1/android-json-0.0.20131108.vaadin1.jar:/home/runner/.m2/repository/org/springframework/spring-core/6.2.6/spring-core-6.2.6.jar:/home/runner/.m2/repository/org/springframework/spring-jcl/6.2.6/spring-jcl-6.2.6.jar:/home/runner/.m2/repository/org/springframework/spring-test/6.2.6/spring-test-6.2.6.jar:/home/runner/.m2/repository/org/xmlunit/xmlunit-core/2.10.0/xmlunit-core-2.10.0.jar:/home/runner/.m2/repository/org/springframework/boot/spring-boot-starter-actuator/3.5.0-SNAPSHOT/spring-boot-starter-actuator-3.5.0-SNAPSHOT.jar:/home/runner/.m2/repository/org/springframework/boot/spring-boot-actuator-autoconfigure/3.5.0-SNAPSHOT/spring-boot-actuator-autoconfigure-3.5.0-SNAPSHOT.jar:/home/runner/.m2/repository/org/springframework/boot/spring-boot-actuator/3.5.0-SNAPSHOT/spring-boot-actuator-3.5.0-SNAPSHOT.jar:/home/runner/.m2/repository/io/micrometer/micrometer-observation/1.15.0-RC1/micrometer-observation-1.15.0-RC1.jar:/home/runner/.m2/repository/io/micrometer/micrometer-commons/1.15.0-RC1/micrometer-commons-1.15.0-RC1.jar:/home/runner/.m2/repository/io/micrometer/micrometer-jakarta9/1.15.0-RC1/micrometer-jakarta9-1.15.0-RC1.jar:/home/runner/.m2/repository/io/micrometer/micrometer-core/1.15.0-RC1/micrometer-core-1.15.0-RC1.jar:/home/runner/.m2/repository/org/hdrhistogram/HdrHistogram/2.2.2/HdrHistogram-2.2.2.jar:/home/runner/.m2/repository/org/latencyutils/LatencyUtils/2.0.3/LatencyUtils-2.0.3.jar:/home/runner/.m2/repository/org/testcontainers/testcontainers/1.20.6/testcontainers-1.20.6.jar:/home/runner/.m2/repository/junit/junit/4.13.2/junit-4.13.2.jar:/home/runner/.m2/repository/org/hamcrest/hamcrest-core/3.0/hamcrest-core-3.0.jar:/home/runner/.m2/repository/org/slf4j/slf4j-api/2.0.17/slf4j-api-2.0.17.jar:/home/runner/.m2/repository/org/apache/commons/commons-compress/1.24.0/commons-compress-1.24.0.jar:/home/runner/.m2/repository/org/rnorth/duct-tape/duct-tape/1.0.8/duct-tape-1.0.8.jar:/home/runner/.m2/repository/org/jetbrains/annotations/17.0.0/annotations-17.0.0.jar:/home/runner/.m2/repository/com/github/docker-java/docker-java-api/3.4.1/docker-java-api-3.4.1.jar:/home/runner/.m2/repository/com/fasterxml/jackson/core/jackson-annotations/2.18.3/jackson-annotations-2.18.3.jar:/home/runner/.m2/repository/com/github/docker-java/docker-java-transport-zerodep/3.4.1/docker-java-transport-zerodep-3.4.1.jar:/home/runner/.m2/repository/com/github/docker-java/docker-java-transport/3.4.1/docker-java-transport-3.4.1.jar:/home/runner/.m2/repository/net/java/dev/jna/jna/5.13.0/jna-5.13.0.jar:/home/runner/.m2/repository/org/testcontainers/junit-jupiter/1.20.6/junit-jupiter-1.20.6.jar:/home/runner/.m2/repository/org/testcontainers/postgresql/1.20.6/postgresql-1.20.6.jar:/home/runner/.m2/repository/org/testcontainers/jdbc/1.21.0/jdbc-1.21.0.jar:/home/runner/.m2/repository/org/testcontainers/database-commons/1.21.0/database-commons-1.21.0.jar:/home/runner/.m2/repository/org/springframework/boot/spring-boot-starter-webflux/3.5.0-SNAPSHOT/spring-boot-starter-webflux-3.5.0-SNAPSHOT.jar:/home/runner/.m2/repository/org/springframework/boot/spring-boot-starter-reactor-netty/3.5.0-SNAPSHOT/spring-boot-starter-reactor-netty-3.5.0-SNAPSHOT.jar:/home/runner/.m2/repository/io/projectreactor/netty/reactor-netty-http/1.2.5/reactor-netty-http-1.2.5.jar:/home/runner/.m2/repository/io/netty/netty-codec-http/4.1.119.Final/netty-codec-http-4.1.119.Final.jar:/home/runner/.m2/repository/io/netty/netty-common/4.1.119.Final/netty-common-4.1.119.Final.jar:/home/runner/.m2/repository/io/netty/netty-buffer/4.1.119.Final/netty-buffer-4.1.119.Final.jar:/home/runner/.m2/repository/io/netty/netty-transport/4.1.119.Final/netty-transport-4.1.119.Final.jar:/home/runner/.m2/repository/io/netty/netty-codec/4.1.119.Final/netty-codec-4.1.119.Final.jar:/home/runner/.m2/repository/io/netty/netty-handler/4.1.119.Final/netty-handler-4.1.119.Final.jar:/home/runner/.m2/repository/io/netty/netty-codec-http2/4.1.119.Final/netty-codec-http2-4.1.119.Final.jar:/home/runner/.m2/repository/io/netty/netty-resolver-dns/4.1.119.Final/netty-resolver-dns-4.1.119.Final.jar:/home/runner/.m2/repository/io/netty/netty-resolver/4.1.119.Final/netty-resolver-4.1.119.Final.jar:/home/runner/.m2/repository/io/netty/netty-codec-dns/4.1.119.Final/netty-codec-dns-4.1.119.Final.jar:/home/runner/.m2/repository/io/netty/netty-resolver-dns-native-macos/4.1.119.Final/netty-resolver-dns-native-macos-4.1.119.Final-osx-x86_64.jar:/home/runner/.m2/repository/io/netty/netty-resolver-dns-classes-macos/4.1.119.Final/netty-resolver-dns-classes-macos-4.1.119.Final.jar:/home/runner/.m2/repository/io/netty/netty-transport-native-epoll/4.1.119.Final/netty-transport-native-epoll-4.1.119.Final-linux-x86_64.jar:/home/runner/.m2/repository/io/netty/netty-transport-native-unix-common/4.1.119.Final/netty-transport-native-unix-common-4.1.119.Final.jar:/home/runner/.m2/repository/io/netty/netty-transport-classes-epoll/4.1.119.Final/netty-transport-classes-epoll-4.1.119.Final.jar:/home/runner/.m2/repository/io/projectreactor/netty/reactor-netty-core/1.2.5/reactor-netty-core-1.2.5.jar:/home/runner/.m2/repository/io/netty/netty-handler-proxy/4.1.119.Final/netty-handler-proxy-4.1.119.Final.jar:/home/runner/.m2/repository/io/netty/netty-codec-socks/4.1.119.Final/netty-codec-socks-4.1.119.Final.jar:/home/runner/.m2/repository/org/springframework/spring-webflux/6.2.6/spring-webflux-6.2.6.jar:/home/runner/.m2/repository/io/projectreactor/reactor-core/3.7.5/reactor-core-3.7.5.jar:/home/runner/.m2/repository/org/reactivestreams/reactive-streams/1.0.4/reactive-streams-1.0.4.jar:"/>
    <property name="sun.cpu.endian" value="little"/>
    <property name="user.home" value="/home/runner"/>
    <property name="user.language" value="en"/>
    <property name="java.specification.vendor" value="Oracle Corporation"/>
    <property name="java.version.date" value="2025-04-15"/>
    <property name="java.home" value="/usr/lib/jvm/temurin-21-jdk-amd64"/>
    <property name="file.separator" value="/"/>
    <property name="basedir" value="/home/runner/work/demo/demo/backend"/>
    <property name="java.vm.compressedOopsMode" value="Zero based"/>
    <property name="line.separator" value="&#10;"/>
    <property name="java.vm.specification.vendor" value="Oracle Corporation"/>
    <property name="java.specification.name" value="Java Platform API Specification"/>
    <property name="surefire.real.class.path" value="/home/runner/work/demo/demo/backend/target/surefire/surefirebooter-20250505173451617_3.jar"/>
    <property name="polyglot.engine.WarnInterpreterOnly" value="false"/>
    <property name="sun.management.compiler" value="HotSpot 64-Bit Tiered Compilers"/>
    <property name="java.runtime.version" value="21.0.7+6-LTS"/>
    <property name="user.name" value="runner"/>
    <property name="stdout.encoding" value="UTF-8"/>
    <property name="path.separator" value=":"/>
    <property name="os.version" value="6.11.0-1012-azure"/>
    <property name="java.runtime.name" value="OpenJDK Runtime Environment"/>
    <property name="file.encoding" value="UTF-8"/>
    <property name="jnidispatch.path" value="/home/runner/.cache/JNA/temp/jna1327465417902298227.tmp"/>
    <property name="java.vm.name" value="OpenJDK 64-Bit Server VM"/>
    <property name="jna.platform.library.path" value="/usr/lib/x86_64-linux-gnu:/lib/x86_64-linux-gnu:/usr/lib64:/lib64:/usr/lib:/lib:/lib32:/usr/local/lib:/usr/lib/x86_64-linux-gnu/libfakeroot"/>
    <property name="java.vendor.version" value="Temurin-21.0.7+6"/>
    <property name="localRepository" value="/home/runner/.m2/repository"/>
    <property name="jna.loaded" value="true"/>
    <property name="java.vendor.url.bug" value="https://github.com/adoptium/adoptium-support/issues"/>
    <property name="java.io.tmpdir" value="/tmp"/>
    <property name="docker.image.tag" value="05.05.2025.17.34.09"/>
    <property name="java.version" value="21.0.7"/>
    <property name="user.dir" value="/home/runner/work/demo/demo/backend"/>
    <property name="os.arch" value="amd64"/>
    <property name="java.vm.specification.name" value="Java Virtual Machine Specification"/>
    <property name="native.encoding" value="UTF-8"/>
    <property name="java.library.path" value="/usr/java/packages/lib:/usr/lib64:/lib64:/lib:/usr/lib"/>
    <property name="java.vm.info" value="mixed mode, sharing"/>
    <property name="stderr.encoding" value="UTF-8"/>
    <property name="java.vendor" value="Eclipse Adoptium"/>
    <property name="java.vm.version" value="21.0.7+6-LTS"/>
    <property name="sun.io.unicode.encoding" value="UnicodeLittle"/>
    <property name="java.class.version" value="65.0"/>
  </properties>
  <testcase name="canStartPostgresDB" classname="com.example.demo.TestcontainersTest" time="0.078">
    <system-out><![CDATA[17:34:52.451 [main] INFO org.testcontainers.images.PullPolicy -- Image pull policy will be performed by: DefaultPullPolicy()
17:34:52.455 [main] INFO org.testcontainers.utility.ImageNameSubstitutor -- Image name substitution will be performed by: DefaultImageNameSubstitutor (composite of 'ConfigurationFileImageNameSubstitutor' and 'PrefixingImageNameSubstitutor')
17:34:52.497 [main] INFO org.testcontainers.DockerClientFactory -- Testcontainers version: 1.20.6
17:34:52.983 [main] INFO org.testcontainers.dockerclient.DockerClientProviderStrategy -- Found Docker environment with local Unix socket (unix:///var/run/docker.sock)
17:34:52.992 [main] INFO org.testcontainers.DockerClientFactory -- Docker host IP address is localhost
17:34:53.008 [main] INFO org.testcontainers.DockerClientFactory -- Connected to docker: 
  Server Version: 26.1.3
  API Version: 1.45
  Operating System: Ubuntu 24.04.2 LTS
  Total Memory: 15989 MB
17:34:53.037 [main] INFO tc.testcontainers/ryuk:0.11.0 -- Pulling docker image: testcontainers/ryuk:0.11.0. Please be patient; this may take some time but only needs to be done once.
17:34:54.069 [docker-java-stream-897925489] INFO tc.testcontainers/ryuk:0.11.0 -- Starting to pull image
17:34:54.095 [docker-java-stream-897925489] INFO tc.testcontainers/ryuk:0.11.0 -- Pulling image layers:  0 pending,  0 downloaded,  0 extracted, (0 bytes/0 bytes)
17:34:54.611 [docker-java-stream-897925489] INFO tc.testcontainers/ryuk:0.11.0 -- Pulling image layers:  2 pending,  1 downloaded,  0 extracted, (80 KB/? MB)
17:34:54.638 [docker-java-stream-897925489] INFO tc.testcontainers/ryuk:0.11.0 -- Pulling image layers:  1 pending,  2 downloaded,  0 extracted, (116 KB/? MB)
17:34:54.695 [docker-java-stream-897925489] INFO tc.testcontainers/ryuk:0.11.0 -- Pulling image layers:  0 pending,  3 downloaded,  0 extracted, (6 MB/10 MB)
17:34:54.740 [docker-java-stream-897925489] INFO tc.testcontainers/ryuk:0.11.0 -- Pulling image layers:  0 pending,  3 downloaded,  1 extracted, (9 MB/10 MB)
17:34:54.963 [docker-java-stream-897925489] INFO tc.testcontainers/ryuk:0.11.0 -- Pulling image layers:  0 pending,  3 downloaded,  2 extracted, (10 MB/10 MB)
17:34:55.010 [docker-java-stream-897925489] INFO tc.testcontainers/ryuk:0.11.0 -- Pulling image layers:  0 pending,  3 downloaded,  3 extracted, (10 MB/10 MB)
17:34:55.016 [main] INFO tc.testcontainers/ryuk:0.11.0 -- Image testcontainers/ryuk:0.11.0 pull took PT1.978909601S
17:34:55.040 [main] INFO tc.testcontainers/ryuk:0.11.0 -- Creating container for image: testcontainers/ryuk:0.11.0
17:34:55.120 [main] INFO tc.testcontainers/ryuk:0.11.0 -- Container testcontainers/ryuk:0.11.0 is starting: 2e29be3e14f0649f0999b28da1c71834b17c105b0b91557ad35af7058b90eadc
17:34:55.380 [main] INFO tc.testcontainers/ryuk:0.11.0 -- Container testcontainers/ryuk:0.11.0 started in PT0.339868029S
17:34:55.384 [main] INFO org.testcontainers.utility.RyukResourceReaper -- Ryuk started - will monitor and terminate Testcontainers containers on JVM exit
17:34:55.384 [main] INFO org.testcontainers.DockerClientFactory -- Checking the system...
17:34:55.384 [main] INFO org.testcontainers.DockerClientFactory -- ✔︎ Docker server version should be at least 1.6.0
17:34:55.387 [main] INFO tc.postgres:latest -- Pulling docker image: postgres:latest. Please be patient; this may take some time but only needs to be done once.
17:34:56.405 [docker-java-stream--617583063] INFO tc.postgres:latest -- Starting to pull image
17:34:56.406 [docker-java-stream--617583063] INFO tc.postgres:latest -- Pulling image layers:  0 pending,  0 downloaded,  0 extracted, (0 bytes/0 bytes)
17:34:56.938 [docker-java-stream--617583063] INFO tc.postgres:latest -- Pulling image layers: 13 pending,  1 downloaded,  0 extracted, (292 KB/? MB)
17:34:57.100 [docker-java-stream--617583063] INFO tc.postgres:latest -- Pulling image layers: 12 pending,  2 downloaded,  0 extracted, (14 MB/? MB)
17:34:57.216 [docker-java-stream--617583063] INFO tc.postgres:latest -- Pulling image layers: 11 pending,  3 downloaded,  0 extracted, (23 MB/? MB)
17:34:57.347 [docker-java-stream--617583063] INFO tc.postgres:latest -- Pulling image layers: 10 pending,  4 downloaded,  0 extracted, (31 MB/? MB)
17:34:57.415 [docker-java-stream--617583063] INFO tc.postgres:latest -- Pulling image layers:  9 pending,  5 downloaded,  0 extracted, (31 MB/? MB)
17:34:57.514 [docker-java-stream--617583063] INFO tc.postgres:latest -- Pulling image layers:  8 pending,  6 downloaded,  0 extracted, (31 MB/? MB)
17:34:57.610 [docker-java-stream--617583063] INFO tc.postgres:latest -- Pulling image layers:  7 pending,  7 downloaded,  0 extracted, (31 MB/? MB)
17:34:57.682 [docker-java-stream--617583063] INFO tc.postgres:latest -- Pulling image layers:  6 pending,  8 downloaded,  0 extracted, (31 MB/? MB)
17:34:57.876 [docker-java-stream--617583063] INFO tc.postgres:latest -- Pulling image layers:  5 pending,  9 downloaded,  0 extracted, (31 MB/? MB)
17:34:57.946 [docker-java-stream--617583063] INFO tc.postgres:latest -- Pulling image layers:  4 pending, 10 downloaded,  0 extracted, (49 MB/? MB)
17:34:58.145 [docker-java-stream--617583063] INFO tc.postgres:latest -- Pulling image layers:  3 pending, 11 downloaded,  0 extracted, (71 MB/? MB)
17:34:58.220 [docker-java-stream--617583063] INFO tc.postgres:latest -- Pulling image layers:  2 pending, 12 downloaded,  0 extracted, (79 MB/? MB)
17:34:58.409 [docker-java-stream--617583063] INFO tc.postgres:latest -- Pulling image layers:  1 pending, 13 downloaded,  0 extracted, (85 MB/? MB)
17:34:58.464 [docker-java-stream--617583063] INFO tc.postgres:latest -- Pulling image layers:  1 pending, 13 downloaded,  1 extracted, (92 MB/? MB)
17:34:58.693 [docker-java-stream--617583063] INFO tc.postgres:latest -- Pulling image layers:  1 pending, 13 downloaded,  2 extracted, (115 MB/? MB)
17:34:58.855 [docker-java-stream--617583063] INFO tc.postgres:latest -- Pulling image layers:  1 pending, 13 downloaded,  3 extracted, (123 MB/? MB)
17:34:58.923 [docker-java-stream--617583063] INFO tc.postgres:latest -- Pulling image layers:  1 pending, 13 downloaded,  4 extracted, (130 MB/? MB)
17:34:58.987 [docker-java-stream--617583063] INFO tc.postgres:latest -- Pulling image layers:  0 pending, 14 downloaded,  4 extracted, (139 MB/149 MB)
17:34:59.237 [docker-java-stream--617583063] INFO tc.postgres:latest -- Pulling image layers:  0 pending, 14 downloaded,  5 extracted, (146 MB/149 MB)
17:34:59.336 [docker-java-stream--617583063] INFO tc.postgres:latest -- Pulling image layers:  0 pending, 14 downloaded,  6 extracted, (148 MB/149 MB)
17:34:59.349 [docker-java-stream--617583063] INFO tc.postgres:latest -- Pulling image layers:  0 pending, 14 downloaded,  7 extracted, (148 MB/149 MB)
17:34:59.364 [docker-java-stream--617583063] INFO tc.postgres:latest -- Pulling image layers:  0 pending, 14 downloaded,  8 extracted, (148 MB/149 MB)
17:35:02.311 [docker-java-stream--617583063] INFO tc.postgres:latest -- Pulling image layers:  0 pending, 14 downloaded,  9 extracted, (149 MB/149 MB)
17:35:02.329 [docker-java-stream--617583063] INFO tc.postgres:latest -- Pulling image layers:  0 pending, 14 downloaded, 10 extracted, (149 MB/149 MB)
17:35:02.340 [docker-java-stream--617583063] INFO tc.postgres:latest -- Pulling image layers:  0 pending, 14 downloaded, 11 extracted, (149 MB/149 MB)
17:35:02.358 [docker-java-stream--617583063] INFO tc.postgres:latest -- Pulling image layers:  0 pending, 14 downloaded, 12 extracted, (149 MB/149 MB)
17:35:02.370 [docker-java-stream--617583063] INFO tc.postgres:latest -- Pulling image layers:  0 pending, 14 downloaded, 13 extracted, (149 MB/149 MB)
17:35:02.383 [docker-java-stream--617583063] INFO tc.postgres:latest -- Pulling image layers:  0 pending, 14 downloaded, 14 extracted, (149 MB/149 MB)
17:35:02.391 [main] INFO tc.postgres:latest -- Image postgres:latest pull took PT7.004065521S
17:35:02.391 [docker-java-stream--617583063] INFO tc.postgres:latest -- Pull complete. 14 layers, pulled in 5s (downloaded 149 MB at 29 MB/s)
17:35:02.393 [main] INFO tc.postgres:latest -- Creating container for image: postgres:latest
17:35:02.410 [main] INFO tc.postgres:latest -- Container postgres:latest is starting: 4c952ffbba54f64cb7bff251c32a7774a1b2d61a014836f69705ae878302fcae
17:35:03.563 [main] INFO tc.postgres:latest -- Container postgres:latest started in PT1.169498725S
17:35:03.563 [main] INFO tc.postgres:latest -- Container is started (JDBC URL: jdbc:postgresql://localhost:32769/demo-dao-unit-test?loggerLevel=OFF)
17:35:03.997 [main] INFO org.flywaydb.core.FlywayExecutor -- Database: jdbc:postgresql://localhost:32769/demo-dao-unit-test?loggerLevel=OFF (PostgreSQL 17.4)
17:35:04.037 [main] INFO org.flywaydb.core.internal.schemahistory.JdbcTableSchemaHistory -- Schema history table "public"."flyway_schema_history" does not exist yet
17:35:04.040 [main] INFO org.flywaydb.core.internal.command.DbValidate -- Successfully validated 2 migrations (execution time 00:00.017s)
17:35:04.053 [main] INFO org.flywaydb.core.internal.schemahistory.JdbcTableSchemaHistory -- Creating Schema History table "public"."flyway_schema_history" ...
17:35:04.120 [main] INFO org.flywaydb.core.internal.command.DbMigrate -- Current version of schema "public": << Empty Schema >>
17:35:04.128 [main] INFO org.flywaydb.core.internal.command.DbMigrate -- Migrating schema "public" to version "1 - Initial Setup"
17:35:04.148 [main] INFO org.flywaydb.core.internal.command.DbMigrate -- Migrating schema "public" to version "2 - Make Email Column Unique"
17:35:04.159 [main] INFO org.flywaydb.core.internal.command.DbMigrate -- Successfully applied 2 migrations to schema "public", now at version v2 (execution time 00:00.009s)
]]></system-out>
  </testcase>
</testsuite>