<?xml version="1.0" encoding="UTF-8"?>
<testsuite xmlns:xsi="http://www.w3.org/2001/XMLSchema-instance" xsi:noNamespaceSchemaLocation="https://maven.apache.org/surefire/maven-surefire-plugin/xsd/surefire-test-report.xsd" version="3.0.2" name="com.example.demo.Customer.CustomerJDBCAccessServiceTest" time="1.978" tests="8" errors="0" skipped="0" failures="0">
  <properties>
    <property name="java.specification.version" value="21"/>
    <property name="sun.jnu.encoding" value="UTF-8"/>
    <property name="java.class.path" value="/home/runner/work/demo/demo/backend/target/test-classes:/home/runner/work/demo/demo/backend/target/classes:/home/runner/.m2/repository/org/postgresql/postgresql/42.7.5/postgresql-42.7.5.jar:/home/runner/.m2/repository/org/checkerframework/checker-qual/3.48.3/checker-qual-3.48.3.jar:/home/runner/.m2/repository/org/springframework/boot/spring-boot-starter-data-jpa/3.5.0-SNAPSHOT/spring-boot-starter-data-jpa-3.5.0-SNAPSHOT.jar:/home/runner/.m2/repository/org/springframework/boot/spring-boot-starter/3.5.0-SNAPSHOT/spring-boot-starter-3.5.0-SNAPSHOT.jar:/home/runner/.m2/repository/org/springframework/boot/spring-boot/3.5.0-SNAPSHOT/spring-boot-3.5.0-SNAPSHOT.jar:/home/runner/.m2/repository/org/springframework/boot/spring-boot-autoconfigure/3.5.0-SNAPSHOT/spring-boot-autoconfigure-3.5.0-SNAPSHOT.jar:/home/runner/.m2/repository/org/springframework/boot/spring-boot-starter-logging/3.5.0-SNAPSHOT/spring-boot-starter-logging-3.5.0-SNAPSHOT.jar:/home/runner/.m2/repository/ch/qos/logback/logback-classic/1.5.18/logback-classic-1.5.18.jar:/home/runner/.m2/repository/ch/qos/logback/logback-core/1.5.18/logback-core-1.5.18.jar:/home/runner/.m2/repository/org/apache/logging/log4j/log4j-to-slf4j/2.24.3/log4j-to-slf4j-2.24.3.jar:/home/runner/.m2/repository/org/apache/logging/log4j/log4j-api/2.24.3/log4j-api-2.24.3.jar:/home/runner/.m2/repository/org/slf4j/jul-to-slf4j/2.0.17/jul-to-slf4j-2.0.17.jar:/home/runner/.m2/repository/jakarta/annotation/jakarta.annotation-api/2.1.1/jakarta.annotation-api-2.1.1.jar:/home/runner/.m2/repository/org/yaml/snakeyaml/2.4/snakeyaml-2.4.jar:/home/runner/.m2/repository/org/springframework/boot/spring-boot-starter-jdbc/3.5.0-SNAPSHOT/spring-boot-starter-jdbc-3.5.0-SNAPSHOT.jar:/home/runner/.m2/repository/com/zaxxer/HikariCP/6.3.0/HikariCP-6.3.0.jar:/home/runner/.m2/repository/org/springframework/spring-jdbc/6.2.6/spring-jdbc-6.2.6.jar:/home/runner/.m2/repository/org/hibernate/orm/hibernate-core/6.6.13.Final/hibernate-core-6.6.13.Final.jar:/home/runner/.m2/repository/jakarta/persistence/jakarta.persistence-api/3.1.0/jakarta.persistence-api-3.1.0.jar:/home/runner/.m2/repository/jakarta/transaction/jakarta.transaction-api/2.0.1/jakarta.transaction-api-2.0.1.jar:/home/runner/.m2/repository/org/jboss/logging/jboss-logging/3.6.1.Final/jboss-logging-3.6.1.Final.jar:/home/runner/.m2/repository/org/hibernate/common/hibernate-commons-annotations/7.0.3.Final/hibernate-commons-annotations-7.0.3.Final.jar:/home/runner/.m2/repository/io/smallrye/jandex/3.2.0/jandex-3.2.0.jar:/home/runner/.m2/repository/com/fasterxml/classmate/1.7.0/classmate-1.7.0.jar:/home/runner/.m2/repository/net/bytebuddy/byte-buddy/1.17.5/byte-buddy-1.17.5.jar:/home/runner/.m2/repository/org/glassfish/jaxb/jaxb-runtime/4.0.5/jaxb-runtime-4.0.5.jar:/home/runner/.m2/repository/org/glassfish/jaxb/jaxb-core/4.0.5/jaxb-core-4.0.5.jar:/home/runner/.m2/repository/org/eclipse/angus/angus-activation/2.0.2/angus-activation-2.0.2.jar:/home/runner/.m2/repository/org/glassfish/jaxb/txw2/4.0.5/txw2-4.0.5.jar:/home/runner/.m2/repository/com/sun/istack/istack-commons-runtime/4.1.2/istack-commons-runtime-4.1.2.jar:/home/runner/.m2/repository/jakarta/inject/jakarta.inject-api/2.0.1/jakarta.inject-api-2.0.1.jar:/home/runner/.m2/repository/org/antlr/antlr4-runtime/4.13.0/antlr4-runtime-4.13.0.jar:/home/runner/.m2/repository/org/springframework/data/spring-data-jpa/3.5.0-RC1/spring-data-jpa-3.5.0-RC1.jar:/home/runner/.m2/repository/org/springframework/data/spring-data-commons/3.5.0-RC1/spring-data-commons-3.5.0-RC1.jar:/home/runner/.m2/repository/org/springframework/spring-orm/6.2.6/spring-orm-6.2.6.jar:/home/runner/.m2/repository/org/springframework/spring-context/6.2.6/spring-context-6.2.6.jar:/home/runner/.m2/repository/org/springframework/spring-aop/6.2.6/spring-aop-6.2.6.jar:/home/runner/.m2/repository/org/springframework/spring-tx/6.2.6/spring-tx-6.2.6.jar:/home/runner/.m2/repository/org/springframework/spring-beans/6.2.6/spring-beans-6.2.6.jar:/home/runner/.m2/repository/org/springframework/spring-aspects/6.2.6/spring-aspects-6.2.6.jar:/home/runner/.m2/repository/org/aspectj/aspectjweaver/1.9.24/aspectjweaver-1.9.24.jar:/home/runner/.m2/repository/org/springframework/boot/spring-boot-starter-web/3.5.0-SNAPSHOT/spring-boot-starter-web-3.5.0-SNAPSHOT.jar:/home/runner/.m2/repository/org/springframework/boot/spring-boot-starter-json/3.5.0-SNAPSHOT/spring-boot-starter-json-3.5.0-SNAPSHOT.jar:/home/runner/.m2/repository/com/fasterxml/jackson/core/jackson-databind/2.18.3/jackson-databind-2.18.3.jar:/home/runner/.m2/repository/com/fasterxml/jackson/core/jackson-core/2.18.3/jackson-core-2.18.3.jar:/home/runner/.m2/repository/com/fasterxml/jackson/datatype/jackson-datatype-jdk8/2.18.3/jackson-datatype-jdk8-2.18.3.jar:/home/runner/.m2/repository/com/fasterxml/jackson/datatype/jackson-datatype-jsr310/2.18.3/jackson-datatype-jsr310-2.18.3.jar:/home/runner/.m2/repository/com/fasterxml/jackson/module/jackson-module-parameter-names/2.18.3/jackson-module-parameter-names-2.18.3.jar:/home/runner/.m2/repository/org/springframework/boot/spring-boot-starter-tomcat/3.5.0-SNAPSHOT/spring-boot-starter-tomcat-3.5.0-SNAPSHOT.jar:/home/runner/.m2/repository/org/apache/tomcat/embed/tomcat-embed-core/10.1.40/tomcat-embed-core-10.1.40.jar:/home/runner/.m2/repository/org/apache/tomcat/embed/tomcat-embed-el/10.1.40/tomcat-embed-el-10.1.40.jar:/home/runner/.m2/repository/org/apache/tomcat/embed/tomcat-embed-websocket/10.1.40/tomcat-embed-websocket-10.1.40.jar:/home/runner/.m2/repository/org/springframework/spring-web/6.2.6/spring-web-6.2.6.jar:/home/runner/.m2/repository/org/springframework/spring-webmvc/6.2.6/spring-webmvc-6.2.6.jar:/home/runner/.m2/repository/org/springframework/spring-expression/6.2.6/spring-expression-6.2.6.jar:/home/runner/.m2/repository/org/springframework/boot/spring-boot-starter-data-jdbc/3.5.0-SNAPSHOT/spring-boot-starter-data-jdbc-3.5.0-SNAPSHOT.jar:/home/runner/.m2/repository/org/springframework/data/spring-data-jdbc/3.5.0-RC1/spring-data-jdbc-3.5.0-RC1.jar:/home/runner/.m2/repository/org/springframework/data/spring-data-relational/3.5.0-RC1/spring-data-relational-3.5.0-RC1.jar:/home/runner/.m2/repository/com/github/javafaker/javafaker/1.0.2/javafaker-1.0.2.jar:/home/runner/.m2/repository/org/apache/commons/commons-lang3/3.17.0/commons-lang3-3.17.0.jar:/home/runner/.m2/repository/org/yaml/snakeyaml/1.23/snakeyaml-1.23-android.jar:/home/runner/.m2/repository/com/github/mifmif/generex/1.0.2/generex-1.0.2.jar:/home/runner/.m2/repository/dk/brics/automaton/automaton/1.11-8/automaton-1.11-8.jar:/home/runner/.m2/repository/org/flywaydb/flyway-database-postgresql/11.7.2/flyway-database-postgresql-11.7.2.jar:/home/runner/.m2/repository/org/flywaydb/flyway-core/11.7.2/flyway-core-11.7.2.jar:/home/runner/.m2/repository/com/fasterxml/jackson/dataformat/jackson-dataformat-toml/2.18.3/jackson-dataformat-toml-2.18.3.jar:/home/runner/.m2/repository/org/springframework/boot/spring-boot-starter-test/3.5.0-SNAPSHOT/spring-boot-starter-test-3.5.0-SNAPSHOT.jar:/home/runner/.m2/repository/org/springframework/boot/spring-boot-test/3.5.0-SNAPSHOT/spring-boot-test-3.5.0-SNAPSHOT.jar:/home/runner/.m2/repository/org/springframework/boot/spring-boot-test-autoconfigure/3.5.0-SNAPSHOT/spring-boot-test-autoconfigure-3.5.0-SNAPSHOT.jar:/home/runner/.m2/repository/com/jayway/jsonpath/json-path/2.9.0/json-path-2.9.0.jar:/home/runner/.m2/repository/jakarta/xml/bind/jakarta.xml.bind-api/4.0.2/jakarta.xml.bind-api-4.0.2.jar:/home/runner/.m2/repository/jakarta/activation/jakarta.activation-api/2.1.3/jakarta.activation-api-2.1.3.jar:/home/runner/.m2/repository/net/minidev/json-smart/2.5.2/json-smart-2.5.2.jar:/home/runner/.m2/repository/net/minidev/accessors-smart/2.5.2/accessors-smart-2.5.2.jar:/home/runner/.m2/repository/org/ow2/asm/asm/9.7.1/asm-9.7.1.jar:/home/runner/.m2/repository/org/assertj/assertj-core/3.27.3/assertj-core-3.27.3.jar:/home/runner/.m2/repository/org/awaitility/awaitility/4.3.0/awaitility-4.3.0.jar:/home/runner/.m2/repository/org/hamcrest/hamcrest/3.0/hamcrest-3.0.jar:/home/runner/.m2/repository/org/junit/jupiter/junit-jupiter/5.12.2/junit-jupiter-5.12.2.jar:/home/runner/.m2/repository/org/junit/jupiter/junit-jupiter-api/5.12.2/junit-jupiter-api-5.12.2.jar:/home/runner/.m2/repository/org/opentest4j/opentest4j/1.3.0/opentest4j-1.3.0.jar:/home/runner/.m2/repository/org/junit/platform/junit-platform-commons/1.12.2/junit-platform-commons-1.12.2.jar:/home/runner/.m2/repository/org/apiguardian/apiguardian-api/1.1.2/apiguardian-api-1.1.2.jar:/home/runner/.m2/repository/org/junit/jupiter/junit-jupiter-params/5.12.2/junit-jupiter-params-5.12.2.jar:/home/runner/.m2/repository/org/junit/jupiter/junit-jupiter-engine/5.12.2/junit-jupiter-engine-5.12.2.jar:/home/runner/.m2/repository/org/junit/platform/junit-platform-engine/1.12.2/junit-platform-engine-1.12.2.jar:/home/runner/.m2/repository/org/mockito/mockito-core/5.17.0/mockito-core-5.17.0.jar:/home/runner/.m2/repository/net/bytebuddy/byte-buddy-agent/1.17.5/byte-buddy-agent-1.17.5.jar:/home/runner/.m2/repository/org/objenesis/objenesis/3.3/objenesis-3.3.jar:/home/runner/.m2/repository/org/mockito/mockito-junit-jupiter/5.17.0/mockito-junit-jupiter-5.17.0.jar:/home/runner/.m2/repository/org/skyscreamer/jsonassert/1.5.3/jsonassert-1.5.3.jar:/home/runner/.m2/repository/com/vaadin/external/google/android-json/0.0.20131108.vaadin1/android-json-0.0.20131108.vaadin1.jar:/home/runner/.m2/repository/org/springframework/spring-core/6.2.6/spring-core-6.2.6.jar:/home/runner/.m2/repository/org/springframework/spring-jcl/6.2.6/spring-jcl-6.2.6.jar:/home/runner/.m2/repository/org/springframework/spring-test/6.2.6/spring-test-6.2.6.jar:/home/runner/.m2/repository/org/xmlunit/xmlunit-core/2.10.0/xmlunit-core-2.10.0.jar:/home/runner/.m2/repository/org/springframework/boot/spring-boot-starter-actuator/3.5.0-SNAPSHOT/spring-boot-starter-actuator-3.5.0-SNAPSHOT.jar:/home/runner/.m2/repository/org/springframework/boot/spring-boot-actuator-autoconfigure/3.5.0-SNAPSHOT/spring-boot-actuator-autoconfigure-3.5.0-SNAPSHOT.jar:/home/runner/.m2/repository/org/springframework/boot/spring-boot-actuator/3.5.0-SNAPSHOT/spring-boot-actuator-3.5.0-SNAPSHOT.jar:/home/runner/.m2/repository/io/micrometer/micrometer-observation/1.15.0-RC1/micrometer-observation-1.15.0-RC1.jar:/home/runner/.m2/repository/io/micrometer/micrometer-commons/1.15.0-RC1/micrometer-commons-1.15.0-RC1.jar:/home/runner/.m2/repository/io/micrometer/micrometer-jakarta9/1.15.0-RC1/micrometer-jakarta9-1.15.0-RC1.jar:/home/runner/.m2/repository/io/micrometer/micrometer-core/1.15.0-RC1/micrometer-core-1.15.0-RC1.jar:/home/runner/.m2/repository/org/hdrhistogram/HdrHistogram/2.2.2/HdrHistogram-2.2.2.jar:/home/runner/.m2/repository/org/latencyutils/LatencyUtils/2.0.3/LatencyUtils-2.0.3.jar:/home/runner/.m2/repository/org/testcontainers/testcontainers/1.20.6/testcontainers-1.20.6.jar:/home/runner/.m2/repository/junit/junit/4.13.2/junit-4.13.2.jar:/home/runner/.m2/repository/org/hamcrest/hamcrest-core/3.0/hamcrest-core-3.0.jar:/home/runner/.m2/repository/org/slf4j/slf4j-api/2.0.17/slf4j-api-2.0.17.jar:/home/runner/.m2/repository/org/apache/commons/commons-compress/1.24.0/commons-compress-1.24.0.jar:/home/runner/.m2/repository/org/rnorth/duct-tape/duct-tape/1.0.8/duct-tape-1.0.8.jar:/home/runner/.m2/repository/org/jetbrains/annotations/17.0.0/annotations-17.0.0.jar:/home/runner/.m2/repository/com/github/docker-java/docker-java-api/3.4.1/docker-java-api-3.4.1.jar:/home/runner/.m2/repository/com/fasterxml/jackson/core/jackson-annotations/2.18.3/jackson-annotations-2.18.3.jar:/home/runner/.m2/repository/com/github/docker-java/docker-java-transport-zerodep/3.4.1/docker-java-transport-zerodep-3.4.1.jar:/home/runner/.m2/repository/com/github/docker-java/docker-java-transport/3.4.1/docker-java-transport-3.4.1.jar:/home/runner/.m2/repository/net/java/dev/jna/jna/5.13.0/jna-5.13.0.jar:/home/runner/.m2/repository/org/testcontainers/junit-jupiter/1.20.6/junit-jupiter-1.20.6.jar:/home/runner/.m2/repository/org/testcontainers/postgresql/1.20.6/postgresql-1.20.6.jar:/home/runner/.m2/repository/org/testcontainers/jdbc/1.21.0/jdbc-1.21.0.jar:/home/runner/.m2/repository/org/testcontainers/database-commons/1.21.0/database-commons-1.21.0.jar:/home/runner/.m2/repository/org/springframework/boot/spring-boot-starter-webflux/3.5.0-SNAPSHOT/spring-boot-starter-webflux-3.5.0-SNAPSHOT.jar:/home/runner/.m2/repository/org/springframework/boot/spring-boot-starter-reactor-netty/3.5.0-SNAPSHOT/spring-boot-starter-reactor-netty-3.5.0-SNAPSHOT.jar:/home/runner/.m2/repository/io/projectreactor/netty/reactor-netty-http/1.2.5/reactor-netty-http-1.2.5.jar:/home/runner/.m2/repository/io/netty/netty-codec-http/4.1.119.Final/netty-codec-http-4.1.119.Final.jar:/home/runner/.m2/repository/io/netty/netty-common/4.1.119.Final/netty-common-4.1.119.Final.jar:/home/runner/.m2/repository/io/netty/netty-buffer/4.1.119.Final/netty-buffer-4.1.119.Final.jar:/home/runner/.m2/repository/io/netty/netty-transport/4.1.119.Final/netty-transport-4.1.119.Final.jar:/home/runner/.m2/repository/io/netty/netty-codec/4.1.119.Final/netty-codec-4.1.119.Final.jar:/home/runner/.m2/repository/io/netty/netty-handler/4.1.119.Final/netty-handler-4.1.119.Final.jar:/home/runner/.m2/repository/io/netty/netty-codec-http2/4.1.119.Final/netty-codec-http2-4.1.119.Final.jar:/home/runner/.m2/repository/io/netty/netty-resolver-dns/4.1.119.Final/netty-resolver-dns-4.1.119.Final.jar:/home/runner/.m2/repository/io/netty/netty-resolver/4.1.119.Final/netty-resolver-4.1.119.Final.jar:/home/runner/.m2/repository/io/netty/netty-codec-dns/4.1.119.Final/netty-codec-dns-4.1.119.Final.jar:/home/runner/.m2/repository/io/netty/netty-resolver-dns-native-macos/4.1.119.Final/netty-resolver-dns-native-macos-4.1.119.Final-osx-x86_64.jar:/home/runner/.m2/repository/io/netty/netty-resolver-dns-classes-macos/4.1.119.Final/netty-resolver-dns-classes-macos-4.1.119.Final.jar:/home/runner/.m2/repository/io/netty/netty-transport-native-epoll/4.1.119.Final/netty-transport-native-epoll-4.1.119.Final-linux-x86_64.jar:/home/runner/.m2/repository/io/netty/netty-transport-native-unix-common/4.1.119.Final/netty-transport-native-unix-common-4.1.119.Final.jar:/home/runner/.m2/repository/io/netty/netty-transport-classes-epoll/4.1.119.Final/netty-transport-classes-epoll-4.1.119.Final.jar:/home/runner/.m2/repository/io/projectreactor/netty/reactor-netty-core/1.2.5/reactor-netty-core-1.2.5.jar:/home/runner/.m2/repository/io/netty/netty-handler-proxy/4.1.119.Final/netty-handler-proxy-4.1.119.Final.jar:/home/runner/.m2/repository/io/netty/netty-codec-socks/4.1.119.Final/netty-codec-socks-4.1.119.Final.jar:/home/runner/.m2/repository/org/springframework/spring-webflux/6.2.6/spring-webflux-6.2.6.jar:/home/runner/.m2/repository/io/projectreactor/reactor-core/3.7.5/reactor-core-3.7.5.jar:/home/runner/.m2/repository/org/reactivestreams/reactive-streams/1.0.4/reactive-streams-1.0.4.jar:"/>
    <property name="java.vm.vendor" value="Eclipse Adoptium"/>
    <property name="sun.arch.data.model" value="64"/>
    <property name="java.vendor.url" value="https://adoptium.net/"/>
    <property name="user.timezone" value="Etc/UTC"/>
    <property name="os.name" value="Linux"/>
    <property name="java.vm.specification.version" value="21"/>
    <property name="sun.java.launcher" value="SUN_STANDARD"/>
    <property name="sun.boot.library.path" value="/usr/lib/jvm/temurin-21-jdk-amd64/lib"/>
    <property name="sun.java.command" value="/home/runner/work/demo/demo/backend/target/surefire/surefirebooter-20250505173451617_3.jar /home/runner/work/demo/demo/backend/target/surefire 2025-05-05T17-34-50_727-jvmRun1 surefire-20250505173451617_1tmp surefire_0-20250505173451617_2tmp"/>
    <property name="jdk.debug" value="release"/>
    <property name="surefire.test.class.path" value="/home/runner/work/demo/demo/backend/target/test-classes:/home/runner/work/demo/demo/backend/target/classes:/home/runner/.m2/repository/org/postgresql/postgresql/42.7.5/postgresql-42.7.5.jar:/home/runner/.m2/repository/org/checkerframework/checker-qual/3.48.3/checker-qual-3.48.3.jar:/home/runner/.m2/repository/org/springframework/boot/spring-boot-starter-data-jpa/3.5.0-SNAPSHOT/spring-boot-starter-data-jpa-3.5.0-SNAPSHOT.jar:/home/runner/.m2/repository/org/springframework/boot/spring-boot-starter/3.5.0-SNAPSHOT/spring-boot-starter-3.5.0-SNAPSHOT.jar:/home/runner/.m2/repository/org/springframework/boot/spring-boot/3.5.0-SNAPSHOT/spring-boot-3.5.0-SNAPSHOT.jar:/home/runner/.m2/repository/org/springframework/boot/spring-boot-autoconfigure/3.5.0-SNAPSHOT/spring-boot-autoconfigure-3.5.0-SNAPSHOT.jar:/home/runner/.m2/repository/org/springframework/boot/spring-boot-starter-logging/3.5.0-SNAPSHOT/spring-boot-starter-logging-3.5.0-SNAPSHOT.jar:/home/runner/.m2/repository/ch/qos/logback/logback-classic/1.5.18/logback-classic-1.5.18.jar:/home/runner/.m2/repository/ch/qos/logback/logback-core/1.5.18/logback-core-1.5.18.jar:/home/runner/.m2/repository/org/apache/logging/log4j/log4j-to-slf4j/2.24.3/log4j-to-slf4j-2.24.3.jar:/home/runner/.m2/repository/org/apache/logging/log4j/log4j-api/2.24.3/log4j-api-2.24.3.jar:/home/runner/.m2/repository/org/slf4j/jul-to-slf4j/2.0.17/jul-to-slf4j-2.0.17.jar:/home/runner/.m2/repository/jakarta/annotation/jakarta.annotation-api/2.1.1/jakarta.annotation-api-2.1.1.jar:/home/runner/.m2/repository/org/yaml/snakeyaml/2.4/snakeyaml-2.4.jar:/home/runner/.m2/repository/org/springframework/boot/spring-boot-starter-jdbc/3.5.0-SNAPSHOT/spring-boot-starter-jdbc-3.5.0-SNAPSHOT.jar:/home/runner/.m2/repository/com/zaxxer/HikariCP/6.3.0/HikariCP-6.3.0.jar:/home/runner/.m2/repository/org/springframework/spring-jdbc/6.2.6/spring-jdbc-6.2.6.jar:/home/runner/.m2/repository/org/hibernate/orm/hibernate-core/6.6.13.Final/hibernate-core-6.6.13.Final.jar:/home/runner/.m2/repository/jakarta/persistence/jakarta.persistence-api/3.1.0/jakarta.persistence-api-3.1.0.jar:/home/runner/.m2/repository/jakarta/transaction/jakarta.transaction-api/2.0.1/jakarta.transaction-api-2.0.1.jar:/home/runner/.m2/repository/org/jboss/logging/jboss-logging/3.6.1.Final/jboss-logging-3.6.1.Final.jar:/home/runner/.m2/repository/org/hibernate/common/hibernate-commons-annotations/7.0.3.Final/hibernate-commons-annotations-7.0.3.Final.jar:/home/runner/.m2/repository/io/smallrye/jandex/3.2.0/jandex-3.2.0.jar:/home/runner/.m2/repository/com/fasterxml/classmate/1.7.0/classmate-1.7.0.jar:/home/runner/.m2/repository/net/bytebuddy/byte-buddy/1.17.5/byte-buddy-1.17.5.jar:/home/runner/.m2/repository/org/glassfish/jaxb/jaxb-runtime/4.0.5/jaxb-runtime-4.0.5.jar:/home/runner/.m2/repository/org/glassfish/jaxb/jaxb-core/4.0.5/jaxb-core-4.0.5.jar:/home/runner/.m2/repository/org/eclipse/angus/angus-activation/2.0.2/angus-activation-2.0.2.jar:/home/runner/.m2/repository/org/glassfish/jaxb/txw2/4.0.5/txw2-4.0.5.jar:/home/runner/.m2/repository/com/sun/istack/istack-commons-runtime/4.1.2/istack-commons-runtime-4.1.2.jar:/home/runner/.m2/repository/jakarta/inject/jakarta.inject-api/2.0.1/jakarta.inject-api-2.0.1.jar:/home/runner/.m2/repository/org/antlr/antlr4-runtime/4.13.0/antlr4-runtime-4.13.0.jar:/home/runner/.m2/repository/org/springframework/data/spring-data-jpa/3.5.0-RC1/spring-data-jpa-3.5.0-RC1.jar:/home/runner/.m2/repository/org/springframework/data/spring-data-commons/3.5.0-RC1/spring-data-commons-3.5.0-RC1.jar:/home/runner/.m2/repository/org/springframework/spring-orm/6.2.6/spring-orm-6.2.6.jar:/home/runner/.m2/repository/org/springframework/spring-context/6.2.6/spring-context-6.2.6.jar:/home/runner/.m2/repository/org/springframework/spring-aop/6.2.6/spring-aop-6.2.6.jar:/home/runner/.m2/repository/org/springframework/spring-tx/6.2.6/spring-tx-6.2.6.jar:/home/runner/.m2/repository/org/springframework/spring-beans/6.2.6/spring-beans-6.2.6.jar:/home/runner/.m2/repository/org/springframework/spring-aspects/6.2.6/spring-aspects-6.2.6.jar:/home/runner/.m2/repository/org/aspectj/aspectjweaver/1.9.24/aspectjweaver-1.9.24.jar:/home/runner/.m2/repository/org/springframework/boot/spring-boot-starter-web/3.5.0-SNAPSHOT/spring-boot-starter-web-3.5.0-SNAPSHOT.jar:/home/runner/.m2/repository/org/springframework/boot/spring-boot-starter-json/3.5.0-SNAPSHOT/spring-boot-starter-json-3.5.0-SNAPSHOT.jar:/home/runner/.m2/repository/com/fasterxml/jackson/core/jackson-databind/2.18.3/jackson-databind-2.18.3.jar:/home/runner/.m2/repository/com/fasterxml/jackson/core/jackson-core/2.18.3/jackson-core-2.18.3.jar:/home/runner/.m2/repository/com/fasterxml/jackson/datatype/jackson-datatype-jdk8/2.18.3/jackson-datatype-jdk8-2.18.3.jar:/home/runner/.m2/repository/com/fasterxml/jackson/datatype/jackson-datatype-jsr310/2.18.3/jackson-datatype-jsr310-2.18.3.jar:/home/runner/.m2/repository/com/fasterxml/jackson/module/jackson-module-parameter-names/2.18.3/jackson-module-parameter-names-2.18.3.jar:/home/runner/.m2/repository/org/springframework/boot/spring-boot-starter-tomcat/3.5.0-SNAPSHOT/spring-boot-starter-tomcat-3.5.0-SNAPSHOT.jar:/home/runner/.m2/repository/org/apache/tomcat/embed/tomcat-embed-core/10.1.40/tomcat-embed-core-10.1.40.jar:/home/runner/.m2/repository/org/apache/tomcat/embed/tomcat-embed-el/10.1.40/tomcat-embed-el-10.1.40.jar:/home/runner/.m2/repository/org/apache/tomcat/embed/tomcat-embed-websocket/10.1.40/tomcat-embed-websocket-10.1.40.jar:/home/runner/.m2/repository/org/springframework/spring-web/6.2.6/spring-web-6.2.6.jar:/home/runner/.m2/repository/org/springframework/spring-webmvc/6.2.6/spring-webmvc-6.2.6.jar:/home/runner/.m2/repository/org/springframework/spring-expression/6.2.6/spring-expression-6.2.6.jar:/home/runner/.m2/repository/org/springframework/boot/spring-boot-starter-data-jdbc/3.5.0-SNAPSHOT/spring-boot-starter-data-jdbc-3.5.0-SNAPSHOT.jar:/home/runner/.m2/repository/org/springframework/data/spring-data-jdbc/3.5.0-RC1/spring-data-jdbc-3.5.0-RC1.jar:/home/runner/.m2/repository/org/springframework/data/spring-data-relational/3.5.0-RC1/spring-data-relational-3.5.0-RC1.jar:/home/runner/.m2/repository/com/github/javafaker/javafaker/1.0.2/javafaker-1.0.2.jar:/home/runner/.m2/repository/org/apache/commons/commons-lang3/3.17.0/commons-lang3-3.17.0.jar:/home/runner/.m2/repository/org/yaml/snakeyaml/1.23/snakeyaml-1.23-android.jar:/home/runner/.m2/repository/com/github/mifmif/generex/1.0.2/generex-1.0.2.jar:/home/runner/.m2/repository/dk/brics/automaton/automaton/1.11-8/automaton-1.11-8.jar:/home/runner/.m2/repository/org/flywaydb/flyway-database-postgresql/11.7.2/flyway-database-postgresql-11.7.2.jar:/home/runner/.m2/repository/org/flywaydb/flyway-core/11.7.2/flyway-core-11.7.2.jar:/home/runner/.m2/repository/com/fasterxml/jackson/dataformat/jackson-dataformat-toml/2.18.3/jackson-dataformat-toml-2.18.3.jar:/home/runner/.m2/repository/org/springframework/boot/spring-boot-starter-test/3.5.0-SNAPSHOT/spring-boot-starter-test-3.5.0-SNAPSHOT.jar:/home/runner/.m2/repository/org/springframework/boot/spring-boot-test/3.5.0-SNAPSHOT/spring-boot-test-3.5.0-SNAPSHOT.jar:/home/runner/.m2/repository/org/springframework/boot/spring-boot-test-autoconfigure/3.5.0-SNAPSHOT/spring-boot-test-autoconfigure-3.5.0-SNAPSHOT.jar:/home/runner/.m2/repository/com/jayway/jsonpath/json-path/2.9.0/json-path-2.9.0.jar:/home/runner/.m2/repository/jakarta/xml/bind/jakarta.xml.bind-api/4.0.2/jakarta.xml.bind-api-4.0.2.jar:/home/runner/.m2/repository/jakarta/activation/jakarta.activation-api/2.1.3/jakarta.activation-api-2.1.3.jar:/home/runner/.m2/repository/net/minidev/json-smart/2.5.2/json-smart-2.5.2.jar:/home/runner/.m2/repository/net/minidev/accessors-smart/2.5.2/accessors-smart-2.5.2.jar:/home/runner/.m2/repository/org/ow2/asm/asm/9.7.1/asm-9.7.1.jar:/home/runner/.m2/repository/org/assertj/assertj-core/3.27.3/assertj-core-3.27.3.jar:/home/runner/.m2/repository/org/awaitility/awaitility/4.3.0/awaitility-4.3.0.jar:/home/runner/.m2/repository/org/hamcrest/hamcrest/3.0/hamcrest-3.0.jar:/home/runner/.m2/repository/org/junit/jupiter/junit-jupiter/5.12.2/junit-jupiter-5.12.2.jar:/home/runner/.m2/repository/org/junit/jupiter/junit-jupiter-api/5.12.2/junit-jupiter-api-5.12.2.jar:/home/runner/.m2/repository/org/opentest4j/opentest4j/1.3.0/opentest4j-1.3.0.jar:/home/runner/.m2/repository/org/junit/platform/junit-platform-commons/1.12.2/junit-platform-commons-1.12.2.jar:/home/runner/.m2/repository/org/apiguardian/apiguardian-api/1.1.2/apiguardian-api-1.1.2.jar:/home/runner/.m2/repository/org/junit/jupiter/junit-jupiter-params/5.12.2/junit-jupiter-params-5.12.2.jar:/home/runner/.m2/repository/org/junit/jupiter/junit-jupiter-engine/5.12.2/junit-jupiter-engine-5.12.2.jar:/home/runner/.m2/repository/org/junit/platform/junit-platform-engine/1.12.2/junit-platform-engine-1.12.2.jar:/home/runner/.m2/repository/org/mockito/mockito-core/5.17.0/mockito-core-5.17.0.jar:/home/runner/.m2/repository/net/bytebuddy/byte-buddy-agent/1.17.5/byte-buddy-agent-1.17.5.jar:/home/runner/.m2/repository/org/objenesis/objenesis/3.3/objenesis-3.3.jar:/home/runner/.m2/repository/org/mockito/mockito-junit-jupiter/5.17.0/mockito-junit-jupiter-5.17.0.jar:/home/runner/.m2/repository/org/skyscreamer/jsonassert/1.5.3/jsonassert-1.5.3.jar:/home/runner/.m2/repository/com/vaadin/external/google/android-json/0.0.20131108.vaadin1/android-json-0.0.20131108.vaadin1.jar:/home/runner/.m2/repository/org/springframework/spring-core/6.2.6/spring-core-6.2.6.jar:/home/runner/.m2/repository/org/springframework/spring-jcl/6.2.6/spring-jcl-6.2.6.jar:/home/runner/.m2/repository/org/springframework/spring-test/6.2.6/spring-test-6.2.6.jar:/home/runner/.m2/repository/org/xmlunit/xmlunit-core/2.10.0/xmlunit-core-2.10.0.jar:/home/runner/.m2/repository/org/springframework/boot/spring-boot-starter-actuator/3.5.0-SNAPSHOT/spring-boot-starter-actuator-3.5.0-SNAPSHOT.jar:/home/runner/.m2/repository/org/springframework/boot/spring-boot-actuator-autoconfigure/3.5.0-SNAPSHOT/spring-boot-actuator-autoconfigure-3.5.0-SNAPSHOT.jar:/home/runner/.m2/repository/org/springframework/boot/spring-boot-actuator/3.5.0-SNAPSHOT/spring-boot-actuator-3.5.0-SNAPSHOT.jar:/home/runner/.m2/repository/io/micrometer/micrometer-observation/1.15.0-RC1/micrometer-observation-1.15.0-RC1.jar:/home/runner/.m2/repository/io/micrometer/micrometer-commons/1.15.0-RC1/micrometer-commons-1.15.0-RC1.jar:/home/runner/.m2/repository/io/micrometer/micrometer-jakarta9/1.15.0-RC1/micrometer-jakarta9-1.15.0-RC1.jar:/home/runner/.m2/repository/io/micrometer/micrometer-core/1.15.0-RC1/micrometer-core-1.15.0-RC1.jar:/home/runner/.m2/repository/org/hdrhistogram/HdrHistogram/2.2.2/HdrHistogram-2.2.2.jar:/home/runner/.m2/repository/org/latencyutils/LatencyUtils/2.0.3/LatencyUtils-2.0.3.jar:/home/runner/.m2/repository/org/testcontainers/testcontainers/1.20.6/testcontainers-1.20.6.jar:/home/runner/.m2/repository/junit/junit/4.13.2/junit-4.13.2.jar:/home/runner/.m2/repository/org/hamcrest/hamcrest-core/3.0/hamcrest-core-3.0.jar:/home/runner/.m2/repository/org/slf4j/slf4j-api/2.0.17/slf4j-api-2.0.17.jar:/home/runner/.m2/repository/org/apache/commons/commons-compress/1.24.0/commons-compress-1.24.0.jar:/home/runner/.m2/repository/org/rnorth/duct-tape/duct-tape/1.0.8/duct-tape-1.0.8.jar:/home/runner/.m2/repository/org/jetbrains/annotations/17.0.0/annotations-17.0.0.jar:/home/runner/.m2/repository/com/github/docker-java/docker-java-api/3.4.1/docker-java-api-3.4.1.jar:/home/runner/.m2/repository/com/fasterxml/jackson/core/jackson-annotations/2.18.3/jackson-annotations-2.18.3.jar:/home/runner/.m2/repository/com/github/docker-java/docker-java-transport-zerodep/3.4.1/docker-java-transport-zerodep-3.4.1.jar:/home/runner/.m2/repository/com/github/docker-java/docker-java-transport/3.4.1/docker-java-transport-3.4.1.jar:/home/runner/.m2/repository/net/java/dev/jna/jna/5.13.0/jna-5.13.0.jar:/home/runner/.m2/repository/org/testcontainers/junit-jupiter/1.20.6/junit-jupiter-1.20.6.jar:/home/runner/.m2/repository/org/testcontainers/postgresql/1.20.6/postgresql-1.20.6.jar:/home/runner/.m2/repository/org/testcontainers/jdbc/1.21.0/jdbc-1.21.0.jar:/home/runner/.m2/repository/org/testcontainers/database-commons/1.21.0/database-commons-1.21.0.jar:/home/runner/.m2/repository/org/springframework/boot/spring-boot-starter-webflux/3.5.0-SNAPSHOT/spring-boot-starter-webflux-3.5.0-SNAPSHOT.jar:/home/runner/.m2/repository/org/springframework/boot/spring-boot-starter-reactor-netty/3.5.0-SNAPSHOT/spring-boot-starter-reactor-netty-3.5.0-SNAPSHOT.jar:/home/runner/.m2/repository/io/projectreactor/netty/reactor-netty-http/1.2.5/reactor-netty-http-1.2.5.jar:/home/runner/.m2/repository/io/netty/netty-codec-http/4.1.119.Final/netty-codec-http-4.1.119.Final.jar:/home/runner/.m2/repository/io/netty/netty-common/4.1.119.Final/netty-common-4.1.119.Final.jar:/home/runner/.m2/repository/io/netty/netty-buffer/4.1.119.Final/netty-buffer-4.1.119.Final.jar:/home/runner/.m2/repository/io/netty/netty-transport/4.1.119.Final/netty-transport-4.1.119.Final.jar:/home/runner/.m2/repository/io/netty/netty-codec/4.1.119.Final/netty-codec-4.1.119.Final.jar:/home/runner/.m2/repository/io/netty/netty-handler/4.1.119.Final/netty-handler-4.1.119.Final.jar:/home/runner/.m2/repository/io/netty/netty-codec-http2/4.1.119.Final/netty-codec-http2-4.1.119.Final.jar:/home/runner/.m2/repository/io/netty/netty-resolver-dns/4.1.119.Final/netty-resolver-dns-4.1.119.Final.jar:/home/runner/.m2/repository/io/netty/netty-resolver/4.1.119.Final/netty-resolver-4.1.119.Final.jar:/home/runner/.m2/repository/io/netty/netty-codec-dns/4.1.119.Final/netty-codec-dns-4.1.119.Final.jar:/home/runner/.m2/repository/io/netty/netty-resolver-dns-native-macos/4.1.119.Final/netty-resolver-dns-native-macos-4.1.119.Final-osx-x86_64.jar:/home/runner/.m2/repository/io/netty/netty-resolver-dns-classes-macos/4.1.119.Final/netty-resolver-dns-classes-macos-4.1.119.Final.jar:/home/runner/.m2/repository/io/netty/netty-transport-native-epoll/4.1.119.Final/netty-transport-native-epoll-4.1.119.Final-linux-x86_64.jar:/home/runner/.m2/repository/io/netty/netty-transport-native-unix-common/4.1.119.Final/netty-transport-native-unix-common-4.1.119.Final.jar:/home/runner/.m2/repository/io/netty/netty-transport-classes-epoll/4.1.119.Final/netty-transport-classes-epoll-4.1.119.Final.jar:/home/runner/.m2/repository/io/projectreactor/netty/reactor-netty-core/1.2.5/reactor-netty-core-1.2.5.jar:/home/runner/.m2/repository/io/netty/netty-handler-proxy/4.1.119.Final/netty-handler-proxy-4.1.119.Final.jar:/home/runner/.m2/repository/io/netty/netty-codec-socks/4.1.119.Final/netty-codec-socks-4.1.119.Final.jar:/home/runner/.m2/repository/org/springframework/spring-webflux/6.2.6/spring-webflux-6.2.6.jar:/home/runner/.m2/repository/io/projectreactor/reactor-core/3.7.5/reactor-core-3.7.5.jar:/home/runner/.m2/repository/org/reactivestreams/reactive-streams/1.0.4/reactive-streams-1.0.4.jar:"/>
    <property name="sun.cpu.endian" value="little"/>
    <property name="user.home" value="/home/runner"/>
    <property name="user.language" value="en"/>
    <property name="java.specification.vendor" value="Oracle Corporation"/>
    <property name="java.version.date" value="2025-04-15"/>
    <property name="java.home" value="/usr/lib/jvm/temurin-21-jdk-amd64"/>
    <property name="file.separator" value="/"/>
    <property name="basedir" value="/home/runner/work/demo/demo/backend"/>
    <property name="java.vm.compressedOopsMode" value="Zero based"/>
    <property name="line.separator" value="&#10;"/>
    <property name="java.vm.specification.vendor" value="Oracle Corporation"/>
    <property name="java.specification.name" value="Java Platform API Specification"/>
    <property name="surefire.real.class.path" value="/home/runner/work/demo/demo/backend/target/surefire/surefirebooter-20250505173451617_3.jar"/>
    <property name="polyglot.engine.WarnInterpreterOnly" value="false"/>
    <property name="sun.management.compiler" value="HotSpot 64-Bit Tiered Compilers"/>
    <property name="java.runtime.version" value="21.0.7+6-LTS"/>
    <property name="user.name" value="runner"/>
    <property name="stdout.encoding" value="UTF-8"/>
    <property name="path.separator" value=":"/>
    <property name="os.version" value="6.11.0-1012-azure"/>
    <property name="java.runtime.name" value="OpenJDK Runtime Environment"/>
    <property name="file.encoding" value="UTF-8"/>
    <property name="jnidispatch.path" value="/home/runner/.cache/JNA/temp/jna1327465417902298227.tmp"/>
    <property name="java.vm.name" value="OpenJDK 64-Bit Server VM"/>
    <property name="jna.platform.library.path" value="/usr/lib/x86_64-linux-gnu:/lib/x86_64-linux-gnu:/usr/lib64:/lib64:/usr/lib:/lib:/lib32:/usr/local/lib:/usr/lib/x86_64-linux-gnu/libfakeroot"/>
    <property name="java.vendor.version" value="Temurin-21.0.7+6"/>
    <property name="localRepository" value="/home/runner/.m2/repository"/>
    <property name="jna.loaded" value="true"/>
    <property name="java.vendor.url.bug" value="https://github.com/adoptium/adoptium-support/issues"/>
    <property name="java.io.tmpdir" value="/tmp"/>
    <property name="docker.image.tag" value="05.05.2025.17.34.09"/>
    <property name="com.zaxxer.hikari.pool_number" value="8"/>
    <property name="java.version" value="21.0.7"/>
    <property name="user.dir" value="/home/runner/work/demo/demo/backend"/>
    <property name="os.arch" value="amd64"/>
    <property name="java.vm.specification.name" value="Java Virtual Machine Specification"/>
    <property name="native.encoding" value="UTF-8"/>
    <property name="java.library.path" value="/usr/java/packages/lib:/usr/lib64:/lib64:/lib:/usr/lib"/>
    <property name="java.vm.info" value="mixed mode, sharing"/>
    <property name="stderr.encoding" value="UTF-8"/>
    <property name="java.vendor" value="Eclipse Adoptium"/>
    <property name="java.vm.version" value="21.0.7+6-LTS"/>
    <property name="sun.io.unicode.encoding" value="UnicodeLittle"/>
    <property name="java.class.version" value="65.0"/>
  </properties>
  <testcase name="selectAllCustomers" classname="com.example.demo.Customer.CustomerJDBCAccessServiceTest" time="0.246">
    <system-out><![CDATA[17:35:05.292 [main] INFO tc.postgres:latest -- Creating container for image: postgres:latest
17:35:05.325 [main] INFO tc.postgres:latest -- Container postgres:latest is starting: 298ff05e2ba5dbba792db4e603db419a85f8b7ef064c63d74de491bca7f39c73
17:35:06.516 [main] INFO tc.postgres:latest -- Container postgres:latest started in PT1.22444402S
17:35:06.517 [main] INFO tc.postgres:latest -- Container is started (JDBC URL: jdbc:postgresql://localhost:32770/demo-dao-unit-test?loggerLevel=OFF)
17:35:06.584 [main] INFO org.flywaydb.core.FlywayExecutor -- Database: jdbc:postgresql://localhost:32770/demo-dao-unit-test?loggerLevel=OFF (PostgreSQL 17.4)
17:35:06.597 [main] INFO org.flywaydb.core.internal.schemahistory.JdbcTableSchemaHistory -- Schema history table "public"."flyway_schema_history" does not exist yet
17:35:06.597 [main] INFO org.flywaydb.core.internal.command.DbValidate -- Successfully validated 2 migrations (execution time 00:00.004s)
17:35:06.606 [main] INFO org.flywaydb.core.internal.schemahistory.JdbcTableSchemaHistory -- Creating Schema History table "public"."flyway_schema_history" ...
17:35:06.632 [main] INFO org.flywaydb.core.internal.command.DbMigrate -- Current version of schema "public": << Empty Schema >>
17:35:06.636 [main] INFO org.flywaydb.core.internal.command.DbMigrate -- Migrating schema "public" to version "1 - Initial Setup"
17:35:06.649 [main] INFO org.flywaydb.core.internal.command.DbMigrate -- Migrating schema "public" to version "2 - Make Email Column Unique"
17:35:06.656 [main] INFO org.flywaydb.core.internal.command.DbMigrate -- Successfully applied 2 migrations to schema "public", now at version v2 (execution time 00:00.007s)
17:35:06.848 [main] INFO com.zaxxer.hikari.HikariDataSource -- HikariPool-1 - Starting...
17:35:06.873 [main] INFO com.zaxxer.hikari.pool.HikariPool -- HikariPool-1 - Added connection org.postgresql.jdbc.PgConnection@1f7557fe
17:35:06.875 [main] INFO com.zaxxer.hikari.HikariDataSource -- HikariPool-1 - Start completed.
1
]]></system-out>
  </testcase>
  <testcase name="existsCustomerWithEmail" classname="com.example.demo.Customer.CustomerJDBCAccessServiceTest" time="0.016">
    <system-out><![CDATA[17:35:06.912 [main] INFO com.zaxxer.hikari.HikariDataSource -- HikariPool-2 - Starting...
17:35:06.922 [main] INFO com.zaxxer.hikari.pool.HikariPool -- HikariPool-2 - Added connection org.postgresql.jdbc.PgConnection@c85486
17:35:06.922 [main] INFO com.zaxxer.hikari.HikariDataSource -- HikariPool-2 - Start completed.
1
]]></system-out>
  </testcase>
  <testcase name="deleteCustomerById" classname="com.example.demo.Customer.CustomerJDBCAccessServiceTest" time="0.016">
    <system-out><![CDATA[17:35:06.929 [main] INFO com.zaxxer.hikari.HikariDataSource -- HikariPool-3 - Starting...
17:35:06.939 [main] INFO com.zaxxer.hikari.pool.HikariPool -- HikariPool-3 - Added connection org.postgresql.jdbc.PgConnection@1bb51492
17:35:06.939 [main] INFO com.zaxxer.hikari.HikariDataSource -- HikariPool-3 - Start completed.
1
]]></system-out>
  </testcase>
  <testcase name="existsCustomerByid" classname="com.example.demo.Customer.CustomerJDBCAccessServiceTest" time="0.016">
    <system-out><![CDATA[17:35:06.947 [main] INFO com.zaxxer.hikari.HikariDataSource -- HikariPool-4 - Starting...
17:35:06.958 [main] INFO com.zaxxer.hikari.pool.HikariPool -- HikariPool-4 - Added connection org.postgresql.jdbc.PgConnection@14c18a6a
17:35:06.958 [main] INFO com.zaxxer.hikari.HikariDataSource -- HikariPool-4 - Start completed.
1
]]></system-out>
  </testcase>
  <testcase name="updateCustomer" classname="com.example.demo.Customer.CustomerJDBCAccessServiceTest" time="0.025">
    <system-out><![CDATA[17:35:06.965 [main] INFO com.zaxxer.hikari.HikariDataSource -- HikariPool-5 - Starting...
17:35:06.976 [main] INFO com.zaxxer.hikari.pool.HikariPool -- HikariPool-5 - Added connection org.postgresql.jdbc.PgConnection@6636448b
17:35:06.976 [main] INFO com.zaxxer.hikari.HikariDataSource -- HikariPool-5 - Start completed.
1
]]></system-out>
  </testcase>
  <testcase name="selectCustomerById" classname="com.example.demo.Customer.CustomerJDBCAccessServiceTest" time="0.025">
    <system-out><![CDATA[17:35:06.991 [main] INFO com.zaxxer.hikari.HikariDataSource -- HikariPool-6 - Starting...
17:35:07.005 [main] INFO com.zaxxer.hikari.pool.HikariPool -- HikariPool-6 - Added connection org.postgresql.jdbc.PgConnection@6b43b101
17:35:07.005 [main] INFO com.zaxxer.hikari.HikariDataSource -- HikariPool-6 - Start completed.
1
]]></system-out>
  </testcase>
  <testcase name="willReturnEmptyWhenSelectCustomerById" classname="com.example.demo.Customer.CustomerJDBCAccessServiceTest" time="0.023">
    <system-out><![CDATA[17:35:07.019 [main] INFO com.zaxxer.hikari.HikariDataSource -- HikariPool-7 - Starting...
17:35:07.031 [main] INFO com.zaxxer.hikari.pool.HikariPool -- HikariPool-7 - Added connection org.postgresql.jdbc.PgConnection@6054ac20
17:35:07.031 [main] INFO com.zaxxer.hikari.HikariDataSource -- HikariPool-7 - Start completed.
1
]]></system-out>
  </testcase>
  <testcase name="insertCustomer" classname="com.example.demo.Customer.CustomerJDBCAccessServiceTest" time="0.018">
    <system-out><![CDATA[17:35:07.041 [main] INFO com.zaxxer.hikari.HikariDataSource -- HikariPool-8 - Starting...
17:35:07.054 [main] INFO com.zaxxer.hikari.pool.HikariPool -- HikariPool-8 - Added connection org.postgresql.jdbc.PgConnection@7535307c
17:35:07.054 [main] INFO com.zaxxer.hikari.HikariDataSource -- HikariPool-8 - Start completed.
1
]]></system-out>
  </testcase>
</testsuite>